[2023-12-09 17:19:00,123] torch.distributed.run: [WARNING] master_addr is only used for static rdzv_backend and when rdzv_endpoint is not specified.
12/09/2023 17:19:04 - WARNING - __main__ - Process rank: 0, device: cuda:0, n_gpu: 1distributed training: True, 16-bits training: False
12/09/2023 17:19:04 - INFO - __main__ - Training/evaluation parameters Seq2SeqTrainingArguments(
_n_gpu=1,
adafactor=False,
adam_beta1=0.9,
adam_beta2=0.999,
adam_epsilon=1e-08,
auto_find_batch_size=False,
bf16=False,
bf16_full_eval=False,
data_seed=None,
dataloader_drop_last=False,
dataloader_num_workers=0,
dataloader_pin_memory=True,
ddp_backend=None,
ddp_broadcast_buffers=None,
ddp_bucket_cap_mb=None,
ddp_find_unused_parameters=None,
ddp_timeout=1800,
debug=[],
deepspeed=None,
disable_tqdm=False,
dispatch_batches=None,
do_eval=False,
do_predict=False,
do_train=False,
eval_accumulation_steps=None,
eval_delay=0,
eval_steps=None,
evaluation_strategy=no,
fp16=False,
fp16_backend=auto,
fp16_full_eval=False,
fp16_opt_level=O1,
fsdp=[],
fsdp_config={'min_num_params': 0, 'xla': False, 'xla_fsdp_grad_ckpt': False},
fsdp_min_num_params=0,
fsdp_transformer_layer_cls_to_wrap=None,
full_determinism=False,
generation_config=None,
generation_max_length=None,
generation_num_beams=None,
gradient_accumulation_steps=32,
gradient_checkpointing=False,
greater_is_better=None,
group_by_length=False,
half_precision_backend=auto,
hub_always_push=False,
hub_model_id=None,
hub_private_repo=False,
hub_strategy=every_save,
hub_token=<HUB_TOKEN>,
ignore_data_skip=False,
include_inputs_for_metrics=False,
include_tokens_per_second=False,
jit_mode_eval=False,
label_names=None,
label_smoothing_factor=0.0,
learning_rate=0.02,
length_column_name=length,
load_best_model_at_end=False,
local_rank=0,
log_level=passive,
log_level_replica=warning,
log_on_each_node=True,
logging_dir=output/advertise_gen_pt-20231209-171857-128-2e-2/runs/Dec09_17-19-02_DESKTOP-KBECE9B,
logging_first_step=False,
logging_nan_inf_filter=True,
logging_steps=1.0,
logging_strategy=steps,
lr_scheduler_type=linear,
max_grad_norm=1.0,
max_steps=1000,
metric_for_best_model=None,
mp_parameters=,
no_cuda=False,
num_train_epochs=3.0,
optim=adamw_torch,
optim_args=None,
output_dir=output/advertise_gen_pt-20231209-171857-128-2e-2,
overwrite_output_dir=False,
past_index=-1,
per_device_eval_batch_size=8,
per_device_train_batch_size=1,
predict_with_generate=False,
prediction_loss_only=False,
push_to_hub=False,
push_to_hub_model_id=None,
push_to_hub_organization=None,
push_to_hub_token=<PUSH_TO_HUB_TOKEN>,
ray_scope=last,
remove_unused_columns=True,
report_to=[],
resume_from_checkpoint=None,
run_name=output/advertise_gen_pt-20231209-171857-128-2e-2,
save_on_each_node=False,
save_safetensors=False,
save_steps=500,
save_strategy=steps,
save_total_limit=None,
seed=42,
sharded_ddp=[],
skip_memory_metrics=True,
sortish_sampler=False,
tf32=None,
torch_compile=False,
torch_compile_backend=None,
torch_compile_mode=None,
torchdynamo=None,
tpu_metrics_debug=False,
tpu_num_cores=None,
use_cpu=False,
use_ipex=False,
use_legacy_prediction_loop=False,
use_mps_device=False,
warmup_ratio=0.0,
warmup_steps=0,
weight_decay=0.0,
)
[INFO|configuration_utils.py:713] 2023-12-09 17:19:04,567 >> loading configuration file /home/ubuntu/chatglm3-6b/config.json
[INFO|configuration_utils.py:713] 2023-12-09 17:19:04,574 >> loading configuration file /home/ubuntu/chatglm3-6b/config.json
[INFO|configuration_utils.py:775] 2023-12-09 17:19:04,575 >> Model config ChatGLMConfig {
  "_name_or_path": "/home/ubuntu/chatglm3-6b",
  "add_bias_linear": false,
  "add_qkv_bias": true,
  "apply_query_key_layer_scaling": true,
  "apply_residual_connection_post_layernorm": false,
  "architectures": [
    "ChatGLMModel"
  ],
  "attention_dropout": 0.0,
  "attention_softmax_in_fp32": true,
  "auto_map": {
    "AutoConfig": "configuration_chatglm.ChatGLMConfig",
    "AutoModel": "modeling_chatglm.ChatGLMForConditionalGeneration",
    "AutoModelForCausalLM": "modeling_chatglm.ChatGLMForConditionalGeneration",
    "AutoModelForSeq2SeqLM": "modeling_chatglm.ChatGLMForConditionalGeneration",
    "AutoModelForSequenceClassification": "modeling_chatglm.ChatGLMForSequenceClassification"
  },
  "bias_dropout_fusion": true,
  "classifier_dropout": null,
  "eos_token_id": 2,
  "ffn_hidden_size": 13696,
  "fp32_residual_connection": false,
  "hidden_dropout": 0.0,
  "hidden_size": 4096,
  "kv_channels": 128,
  "layernorm_epsilon": 1e-05,
  "model_type": "chatglm",
  "multi_query_attention": true,
  "multi_query_group_num": 2,
  "num_attention_heads": 32,
  "num_layers": 28,
  "original_rope": true,
  "pad_token_id": 0,
  "padded_vocab_size": 65024,
  "post_layer_norm": true,
  "pre_seq_len": null,
  "prefix_projection": false,
  "quantization_bit": 0,
  "rmsnorm": true,
  "seq_length": 8192,
  "tie_word_embeddings": false,
  "torch_dtype": "float16",
  "transformers_version": "4.34.0",
  "use_cache": true,
  "vocab_size": 65024
}

[INFO|tokenization_utils_base.py:2041] 2023-12-09 17:19:04,578 >> loading file tokenizer.model
[INFO|tokenization_utils_base.py:2041] 2023-12-09 17:19:04,578 >> loading file added_tokens.json
[INFO|tokenization_utils_base.py:2041] 2023-12-09 17:19:04,578 >> loading file special_tokens_map.json
[INFO|tokenization_utils_base.py:2041] 2023-12-09 17:19:04,578 >> loading file tokenizer_config.json
[INFO|tokenization_utils_base.py:2041] 2023-12-09 17:19:04,578 >> loading file tokenizer.json
[INFO|modeling_utils.py:2990] 2023-12-09 17:19:04,854 >> loading weights file /home/ubuntu/chatglm3-6b/pytorch_model.bin.index.json
[INFO|configuration_utils.py:770] 2023-12-09 17:19:04,855 >> Generate config GenerationConfig {
  "eos_token_id": 2,
  "pad_token_id": 0
}

Loading checkpoint shards:   0%|          | 0/7 [00:00<?, ?it/s]Loading checkpoint shards:  14%|█▍        | 1/7 [00:05<00:30,  5.06s/it]Loading checkpoint shards:  29%|██▊       | 2/7 [01:14<03:35, 43.17s/it]Loading checkpoint shards:  43%|████▎     | 3/7 [01:32<02:05, 31.30s/it]Loading checkpoint shards:  57%|█████▋    | 4/7 [01:40<01:06, 22.31s/it]Loading checkpoint shards:  71%|███████▏  | 5/7 [01:43<00:30, 15.41s/it]Loading checkpoint shards:  86%|████████▌ | 6/7 [01:50<00:12, 12.53s/it]Loading checkpoint shards: 100%|██████████| 7/7 [01:51<00:00,  8.79s/it]Loading checkpoint shards: 100%|██████████| 7/7 [01:51<00:00, 15.98s/it]
[INFO|modeling_utils.py:3775] 2023-12-09 17:20:56,793 >> All model checkpoint weights were used when initializing ChatGLMForConditionalGeneration.

[WARNING|modeling_utils.py:3777] 2023-12-09 17:20:56,797 >> Some weights of ChatGLMForConditionalGeneration were not initialized from the model checkpoint at /home/ubuntu/chatglm3-6b and are newly initialized: ['transformer.prefix_encoder.embedding.weight']
You should probably TRAIN this model on a down-stream task to be able to use it for predictions and inference.
[INFO|modeling_utils.py:3352] 2023-12-09 17:20:56,816 >> Generation config file not found, using a generation config created from the model config.
Quantized to 4 bit
Sanity Check >>>>>>>>>>>>>
           '[gMASK]':  64790 ->   -100
               'sop':  64792 ->   -100
                 '我':  34211 ->   -100
                '看过':  37876 ->   -100
                '许多':  32102 ->   -100
                '勇敢':  35087 ->   -100
                '的人':  31635 ->   -100
                 '，':  31123 ->   -100
                '不怕':  36189 ->   -100
                 '措':  55566 ->   -100
                 '折':  55785 ->   -100
                 '地':  54563 ->   -100
                '奋斗':  32721 ->   -100
                 '，':  31123 ->   -100
                '这种':  31758 ->   -100
                '精神':  31712 ->   -100
              '值得我们':  48548 ->   -100
                '学习':  31658 ->   -100
                 '。':  31155 ->   -100
                 '我':  34211 ->  34211
                '看过':  37876 ->  37876
                '许多':  32102 ->  32102
                '勇敢':  35087 ->  35087
                '的人':  31635 ->  31635
                 '，':  31123 ->  31123
                '不怕':  36189 ->  36189
                '挫折':  38625 ->  38625
                 '地':  54563 ->  54563
                '奋斗':  32721 ->  32721
                 '，':  31123 ->  31123
                '这种':  31758 ->  31758
                '精神':  31712 ->  31712
              '值得我们':  48548 ->  48548
                '学习':  31658 ->  31658
                 '。':  31155 ->  31155
                  '':      2 ->      2
                  '':      0 ->   -100
                  '':      0 ->   -100
                  '':      0 ->   -100
                  '':      0 ->   -100
                  '':      0 ->   -100
                  '':      0 ->   -100
                  '':      0 ->   -100
                  '':      0 ->   -100
                  '':      0 ->   -100
                  '':      0 ->   -100
                  '':      0 ->   -100
                  '':      0 ->   -100
                  '':      0 ->   -100
                  '':      0 ->   -100
                  '':      0 ->   -100
                  '':      0 ->   -100
                  '':      0 ->   -100
                  '':      0 ->   -100
                  '':      0 ->   -100
                  '':      0 ->   -100
                  '':      0 ->   -100
                  '':      0 ->   -100
                  '':      0 ->   -100
                  '':      0 ->   -100
                  '':      0 ->   -100
                  '':      0 ->   -100
                  '':      0 ->   -100
                  '':      0 ->   -100
                  '':      0 ->   -100
                  '':      0 ->   -100
                  '':      0 ->   -100
                  '':      0 ->   -100
                  '':      0 ->   -100
                  '':      0 ->   -100
                  '':      0 ->   -100
                  '':      0 ->   -100
                  '':      0 ->   -100
                  '':      0 ->   -100
                  '':      0 ->   -100
                  '':      0 ->   -100
                  '':      0 ->   -100
                  '':      0 ->   -100
                  '':      0 ->   -100
                  '':      0 ->   -100
                  '':      0 ->   -100
                  '':      0 ->   -100
                  '':      0 ->   -100
                  '':      0 ->   -100
                  '':      0 ->   -100
                  '':      0 ->   -100
                  '':      0 ->   -100
                  '':      0 ->   -100
                  '':      0 ->   -100
                  '':      0 ->   -100
                  '':      0 ->   -100
                  '':      0 ->   -100
                  '':      0 ->   -100
                  '':      0 ->   -100
                  '':      0 ->   -100
                  '':      0 ->   -100
                  '':      0 ->   -100
                  '':      0 ->   -100
                  '':      0 ->   -100
                  '':      0 ->   -100
                  '':      0 ->   -100
                  '':      0 ->   -100
                  '':      0 ->   -100
                  '':      0 ->   -100
                  '':      0 ->   -100
                  '':      0 ->   -100
                  '':      0 ->   -100
                  '':      0 ->   -100
                  '':      0 ->   -100
                  '':      0 ->   -100
                  '':      0 ->   -100
                  '':      0 ->   -100
                  '':      0 ->   -100
                  '':      0 ->   -100
                  '':      0 ->   -100
                  '':      0 ->   -100
                  '':      0 ->   -100
                  '':      0 ->   -100
                  '':      0 ->   -100
                  '':      0 ->   -100
                  '':      0 ->   -100
                  '':      0 ->   -100
                  '':      0 ->   -100
                  '':      0 ->   -100
                  '':      0 ->   -100
                  '':      0 ->   -100
                  '':      0 ->   -100
                  '':      0 ->   -100
                  '':      0 ->   -100
                  '':      0 ->   -100
                  '':      0 ->   -100
                  '':      0 ->   -100
                  '':      0 ->   -100
                  '':      0 ->   -100
                  '':      0 ->   -100
                  '':      0 ->   -100
                  '':      0 ->   -100
                  '':      0 ->   -100
                  '':      0 ->   -100
                  '':      0 ->   -100
                  '':      0 ->   -100
                  '':      0 ->   -100
                  '':      0 ->   -100
                  '':      0 ->   -100
                  '':      0 ->   -100
                  '':      0 ->   -100
                  '':      0 ->   -100
                  '':      0 ->   -100
                  '':      0 ->   -100
                  '':      0 ->   -100
                  '':      0 ->   -100
                  '':      0 ->   -100
                  '':      0 ->   -100
                  '':      0 ->   -100
                  '':      0 ->   -100
                  '':      0 ->   -100
                  '':      0 ->   -100
                  '':      0 ->   -100
                  '':      0 ->   -100
                  '':      0 ->   -100
                  '':      0 ->   -100
                  '':      0 ->   -100
                  '':      0 ->   -100
                  '':      0 ->   -100
                  '':      0 ->   -100
                  '':      0 ->   -100
                  '':      0 ->   -100
                  '':      0 ->   -100
                  '':      0 ->   -100
                  '':      0 ->   -100
                  '':      0 ->   -100
                  '':      0 ->   -100
                  '':      0 ->   -100
                  '':      0 ->   -100
                  '':      0 ->   -100
                  '':      0 ->   -100
                  '':      0 ->   -100
                  '':      0 ->   -100
                  '':      0 ->   -100
                  '':      0 ->   -100
                  '':      0 ->   -100
                  '':      0 ->   -100
                  '':      0 ->   -100
                  '':      0 ->   -100
                  '':      0 ->   -100
                  '':      0 ->   -100
                  '':      0 ->   -100
                  '':      0 ->   -100
                  '':      0 ->   -100
                  '':      0 ->   -100
                  '':      0 ->   -100
                  '':      0 ->   -100
                  '':      0 ->   -100
                  '':      0 ->   -100
                  '':      0 ->   -100
                  '':      0 ->   -100
                  '':      0 ->   -100
                  '':      0 ->   -100
                  '':      0 ->   -100
                  '':      0 ->   -100
                  '':      0 ->   -100
                  '':      0 ->   -100
                  '':      0 ->   -100
                  '':      0 ->   -100
                  '':      0 ->   -100
                  '':      0 ->   -100
                  '':      0 ->   -100
                  '':      0 ->   -100
                  '':      0 ->   -100
                  '':      0 ->   -100
                  '':      0 ->   -100
                  '':      0 ->   -100
                  '':      0 ->   -100
                  '':      0 ->   -100
                  '':      0 ->   -100
                  '':      0 ->   -100
                  '':      0 ->   -100
                  '':      0 ->   -100
                  '':      0 ->   -100
                  '':      0 ->   -100
                  '':      0 ->   -100
                  '':      0 ->   -100
                  '':      0 ->   -100
                  '':      0 ->   -100
                  '':      0 ->   -100
                  '':      0 ->   -100
                  '':      0 ->   -100
                  '':      0 ->   -100
                  '':      0 ->   -100
                  '':      0 ->   -100
                  '':      0 ->   -100
                  '':      0 ->   -100
                  '':      0 ->   -100
                  '':      0 ->   -100
                  '':      0 ->   -100
                  '':      0 ->   -100
                  '':      0 ->   -100
                  '':      0 ->   -100
                  '':      0 ->   -100
                  '':      0 ->   -100
                  '':      0 ->   -100
                  '':      0 ->   -100
                  '':      0 ->   -100
                  '':      0 ->   -100
                  '':      0 ->   -100
                  '':      0 ->   -100
                  '':      0 ->   -100
                  '':      0 ->   -100
                  '':      0 ->   -100
                  '':      0 ->   -100
                  '':      0 ->   -100
                  '':      0 ->   -100
                  '':      0 ->   -100
                  '':      0 ->   -100
                  '':      0 ->   -100
                  '':      0 ->   -100
                  '':      0 ->   -100
                  '':      0 ->   -100
                  '':      0 ->   -100
                  '':      0 ->   -100
                  '':      0 ->   -100
                  '':      0 ->   -100
                  '':      0 ->   -100
                  '':      0 ->   -100
                  '':      0 ->   -100
                  '':      0 ->   -100
                  '':      0 ->   -100
                  '':      0 ->   -100
                  '':      0 ->   -100
                  '':      0 ->   -100
                  '':      0 ->   -100
                  '':      0 ->   -100
                  '':      0 ->   -100
                  '':      0 ->   -100
                  '':      0 ->   -100
                  '':      0 ->   -100
                  '':      0 ->   -100
                  '':      0 ->   -100
                  '':      0 ->   -100
                  '':      0 ->   -100
                  '':      0 ->   -100
                  '':      0 ->   -100
                  '':      0 ->   -100
                  '':      0 ->   -100
                  '':      0 ->   -100
                  '':      0 ->   -100
                  '':      0 ->   -100
                  '':      0 ->   -100
                  '':      0 ->   -100
                  '':      0 ->   -100
                  '':      0 ->   -100
                  '':      0 ->   -100
                  '':      0 ->   -100
                  '':      0 ->   -100
                  '':      0 ->   -100
                  '':      0 ->   -100
                  '':      0 ->   -100
                  '':      0 ->   -100
                  '':      0 ->   -100
                  '':      0 ->   -100
                  '':      0 ->   -100
                  '':      0 ->   -100
                  '':      0 ->   -100
                  '':      0 ->   -100
                  '':      0 ->   -100
                  '':      0 ->   -100
                  '':      0 ->   -100
                  '':      0 ->   -100
                  '':      0 ->   -100
                  '':      0 ->   -100
                  '':      0 ->   -100
                  '':      0 ->   -100
                  '':      0 ->   -100
                  '':      0 ->   -100
                  '':      0 ->   -100
                  '':      0 ->   -100
                  '':      0 ->   -100
                  '':      0 ->   -100
                  '':      0 ->   -100
                  '':      0 ->   -100
                  '':      0 ->   -100
                  '':      0 ->   -100
                  '':      0 ->   -100
                  '':      0 ->   -100
                  '':      0 ->   -100
                  '':      0 ->   -100
                  '':      0 ->   -100
                  '':      0 ->   -100
                  '':      0 ->   -100
                  '':      0 ->   -100
                  '':      0 ->   -100
                  '':      0 ->   -100
                  '':      0 ->   -100
                  '':      0 ->   -100
                  '':      0 ->   -100
                  '':      0 ->   -100
                  '':      0 ->   -100
                  '':      0 ->   -100
                  '':      0 ->   -100
                  '':      0 ->   -100
                  '':      0 ->   -100
                  '':      0 ->   -100
                  '':      0 ->   -100
                  '':      0 ->   -100
                  '':      0 ->   -100
                  '':      0 ->   -100
                  '':      0 ->   -100
                  '':      0 ->   -100
                  '':      0 ->   -100
                  '':      0 ->   -100
                  '':      0 ->   -100
                  '':      0 ->   -100
                  '':      0 ->   -100
                  '':      0 ->   -100
                  '':      0 ->   -100
                  '':      0 ->   -100
                  '':      0 ->   -100
                  '':      0 ->   -100
                  '':      0 ->   -100
                  '':      0 ->   -100
                  '':      0 ->   -100
                  '':      0 ->   -100
                  '':      0 ->   -100
                  '':      0 ->   -100
                  '':      0 ->   -100
                  '':      0 ->   -100
                  '':      0 ->   -100
                  '':      0 ->   -100
                  '':      0 ->   -100
                  '':      0 ->   -100
                  '':      0 ->   -100
                  '':      0 ->   -100
                  '':      0 ->   -100
                  '':      0 ->   -100
                  '':      0 ->   -100
                  '':      0 ->   -100
                  '':      0 ->   -100
                  '':      0 ->   -100
                  '':      0 ->   -100
                  '':      0 ->   -100
                  '':      0 ->   -100
                  '':      0 ->   -100
                  '':      0 ->   -100
                  '':      0 ->   -100
                  '':      0 ->   -100
                  '':      0 ->   -100
                  '':      0 ->   -100
                  '':      0 ->   -100
                  '':      0 ->   -100
                  '':      0 ->   -100
                  '':      0 ->   -100
                  '':      0 ->   -100
                  '':      0 ->   -100
                  '':      0 ->   -100
                  '':      0 ->   -100
                  '':      0 ->   -100
                  '':      0 ->   -100
                  '':      0 ->   -100
                  '':      0 ->   -100
                  '':      0 ->   -100
                  '':      0 ->   -100
                  '':      0 ->   -100
                  '':      0 ->   -100
                  '':      0 ->   -100
                  '':      0 ->   -100
                  '':      0 ->   -100
                  '':      0 ->   -100
                  '':      0 ->   -100
                  '':      0 ->   -100
                  '':      0 ->   -100
                  '':      0 ->   -100
                  '':      0 ->   -100
                  '':      0 ->   -100
                  '':      0 ->   -100
                  '':      0 ->   -100
                  '':      0 ->   -100
                  '':      0 ->   -100
                  '':      0 ->   -100
                  '':      0 ->   -100
                  '':      0 ->   -100
                  '':      0 ->   -100
                  '':      0 ->   -100
                  '':      0 ->   -100
                  '':      0 ->   -100
                  '':      0 ->   -100
                  '':      0 ->   -100
                  '':      0 ->   -100
                  '':      0 ->   -100
                  '':      0 ->   -100
                  '':      0 ->   -100
                  '':      0 ->   -100
                  '':      0 ->   -100
                  '':      0 ->   -100
                  '':      0 ->   -100
                  '':      0 ->   -100
                  '':      0 ->   -100
                  '':      0 ->   -100
                  '':      0 ->   -100
                  '':      0 ->   -100
                  '':      0 ->   -100
                  '':      0 ->   -100
                  '':      0 ->   -100
                  '':      0 ->   -100
                  '':      0 ->   -100
                  '':      0 ->   -100
                  '':      0 ->   -100
                  '':      0 ->   -100
                  '':      0 ->   -100
                  '':      0 ->   -100
                  '':      0 ->   -100
                  '':      0 ->   -100
                  '':      0 ->   -100
                  '':      0 ->   -100
                  '':      0 ->   -100
                  '':      0 ->   -100
                  '':      0 ->   -100
                  '':      0 ->   -100
                  '':      0 ->   -100
                  '':      0 ->   -100
                  '':      0 ->   -100
                  '':      0 ->   -100
                  '':      0 ->   -100
                  '':      0 ->   -100
                  '':      0 ->   -100
                  '':      0 ->   -100
                  '':      0 ->   -100
                  '':      0 ->   -100
                  '':      0 ->   -100
                  '':      0 ->   -100
                  '':      0 ->   -100
                  '':      0 ->   -100
                  '':      0 ->   -100
                  '':      0 ->   -100
                  '':      0 ->   -100
                  '':      0 ->   -100
                  '':      0 ->   -100
                  '':      0 ->   -100
                  '':      0 ->   -100
                  '':      0 ->   -100
                  '':      0 ->   -100
                  '':      0 ->   -100
                  '':      0 ->   -100
                  '':      0 ->   -100
                  '':      0 ->   -100
                  '':      0 ->   -100
                  '':      0 ->   -100
                  '':      0 ->   -100
                  '':      0 ->   -100
                  '':      0 ->   -100
                  '':      0 ->   -100
                  '':      0 ->   -100
                  '':      0 ->   -100
                  '':      0 ->   -100
                  '':      0 ->   -100
                  '':      0 ->   -100
                  '':      0 ->   -100
                  '':      0 ->   -100
                  '':      0 ->   -100
                  '':      0 ->   -100
                  '':      0 ->   -100
                  '':      0 ->   -100
                  '':      0 ->   -100
                  '':      0 ->   -100
                  '':      0 ->   -100
                  '':      0 ->   -100
                  '':      0 ->   -100
                  '':      0 ->   -100
                  '':      0 ->   -100
                  '':      0 ->   -100
                  '':      0 ->   -100
                  '':      0 ->   -100
                  '':      0 ->   -100
                  '':      0 ->   -100
                  '':      0 ->   -100
                  '':      0 ->   -100
                  '':      0 ->   -100
                  '':      0 ->   -100
                  '':      0 ->   -100
                  '':      0 ->   -100
                  '':      0 ->   -100
                  '':      0 ->   -100
                  '':      0 ->   -100
                  '':      0 ->   -100
                  '':      0 ->   -100
                  '':      0 ->   -100
                  '':      0 ->   -100
                  '':      0 ->   -100
                  '':      0 ->   -100
                  '':      0 ->   -100
                  '':      0 ->   -100
                  '':      0 ->   -100
                  '':      0 ->   -100
                  '':      0 ->   -100
                  '':      0 ->   -100
                  '':      0 ->   -100
                  '':      0 ->   -100
                  '':      0 ->   -100
                  '':      0 ->   -100
                  '':      0 ->   -100
                  '':      0 ->   -100
                  '':      0 ->   -100
                  '':      0 ->   -100
                  '':      0 ->   -100
                  '':      0 ->   -100
                  '':      0 ->   -100
                  '':      0 ->   -100
                  '':      0 ->   -100
                  '':      0 ->   -100
                  '':      0 ->   -100
                  '':      0 ->   -100
                  '':      0 ->   -100
                  '':      0 ->   -100
                  '':      0 ->   -100
                  '':      0 ->   -100
                  '':      0 ->   -100
                  '':      0 ->   -100
                  '':      0 ->   -100
                  '':      0 ->   -100
                  '':      0 ->   -100
                  '':      0 ->   -100
                  '':      0 ->   -100
                  '':      0 ->   -100
                  '':      0 ->   -100
                  '':      0 ->   -100
                  '':      0 ->   -100
                  '':      0 ->   -100
                  '':      0 ->   -100
                  '':      0 ->   -100
                  '':      0 ->   -100
                  '':      0 ->   -100
                  '':      0 ->   -100
                  '':      0 ->   -100
                  '':      0 ->   -100
                  '':      0 ->   -100
                  '':      0 ->   -100
                  '':      0 ->   -100
                  '':      0 ->   -100
                  '':      0 ->   -100
                  '':      0 ->   -100
                  '':      0 ->   -100
                  '':      0 ->   -100
                  '':      0 ->   -100
                  '':      0 ->   -100
                  '':      0 ->   -100
                  '':      0 ->   -100
                  '':      0 ->   -100
                  '':      0 ->   -100
                  '':      0 ->   -100
                  '':      0 ->   -100
                  '':      0 ->   -100
                  '':      0 ->   -100
                  '':      0 ->   -100
                  '':      0 ->   -100
                  '':      0 ->   -100
                  '':      0 ->   -100
                  '':      0 ->   -100
                  '':      0 ->   -100
                  '':      0 ->   -100
                  '':      0 ->   -100
                  '':      0 ->   -100
                  '':      0 ->   -100
                  '':      0 ->   -100
                  '':      0 ->   -100
                  '':      0 ->   -100
                  '':      0 ->   -100
                  '':      0 ->   -100
                  '':      0 ->   -100
                  '':      0 ->   -100
                  '':      0 ->   -100
                  '':      0 ->   -100
                  '':      0 ->   -100
                  '':      0 ->   -100
                  '':      0 ->   -100
                  '':      0 ->   -100
                  '':      0 ->   -100
                  '':      0 ->   -100
                  '':      0 ->   -100
                  '':      0 ->   -100
                  '':      0 ->   -100
                  '':      0 ->   -100
                  '':      0 ->   -100
                  '':      0 ->   -100
                  '':      0 ->   -100
                  '':      0 ->   -100
                  '':      0 ->   -100
                  '':      0 ->   -100
                  '':      0 ->   -100
                  '':      0 ->   -100
                  '':      0 ->   -100
                  '':      0 ->   -100
                  '':      0 ->   -100
                  '':      0 ->   -100
                  '':      0 ->   -100
                  '':      0 ->   -100
                  '':      0 ->   -100
                  '':      0 ->   -100
                  '':      0 ->   -100
                  '':      0 ->   -100
                  '':      0 ->   -100
                  '':      0 ->   -100
                  '':      0 ->   -100
                  '':      0 ->   -100
                  '':      0 ->   -100
                  '':      0 ->   -100
                  '':      0 ->   -100
                  '':      0 ->   -100
                  '':      0 ->   -100
                  '':      0 ->   -100
                  '':      0 ->   -100
                  '':      0 ->   -100
                  '':      0 ->   -100
                  '':      0 ->   -100
                  '':      0 ->   -100
                  '':      0 ->   -100
                  '':      0 ->   -100
                  '':      0 ->   -100
                  '':      0 ->   -100
                  '':      0 ->   -100
                  '':      0 ->   -100
                  '':      0 ->   -100
                  '':      0 ->   -100
                  '':      0 ->   -100
                  '':      0 ->   -100
                  '':      0 ->   -100
                  '':      0 ->   -100
                  '':      0 ->   -100
                  '':      0 ->   -100
                  '':      0 ->   -100
                  '':      0 ->   -100
                  '':      0 ->   -100
                  '':      0 ->   -100
                  '':      0 ->   -100
                  '':      0 ->   -100
                  '':      0 ->   -100
                  '':      0 ->   -100
                  '':      0 ->   -100
                  '':      0 ->   -100
                  '':      0 ->   -100
                  '':      0 ->   -100
                  '':      0 ->   -100
                  '':      0 ->   -100
                  '':      0 ->   -100
                  '':      0 ->   -100
                  '':      0 ->   -100
                  '':      0 ->   -100
                  '':      0 ->   -100
                  '':      0 ->   -100
                  '':      0 ->   -100
                  '':      0 ->   -100
                  '':      0 ->   -100
                  '':      0 ->   -100
                  '':      0 ->   -100
                  '':      0 ->   -100
                  '':      0 ->   -100
                  '':      0 ->   -100
                  '':      0 ->   -100
                  '':      0 ->   -100
                  '':      0 ->   -100
                  '':      0 ->   -100
                  '':      0 ->   -100
                  '':      0 ->   -100
                  '':      0 ->   -100
                  '':      0 ->   -100
                  '':      0 ->   -100
                  '':      0 ->   -100
                  '':      0 ->   -100
                  '':      0 ->   -100
                  '':      0 ->   -100
                  '':      0 ->   -100
                  '':      0 ->   -100
                  '':      0 ->   -100
                  '':      0 ->   -100
                  '':      0 ->   -100
                  '':      0 ->   -100
                  '':      0 ->   -100
                  '':      0 ->   -100
                  '':      0 ->   -100
                  '':      0 ->   -100
                  '':      0 ->   -100
                  '':      0 ->   -100
                  '':      0 ->   -100
                  '':      0 ->   -100
                  '':      0 ->   -100
                  '':      0 ->   -100
                  '':      0 ->   -100
                  '':      0 ->   -100
                  '':      0 ->   -100
                  '':      0 ->   -100
                  '':      0 ->   -100
                  '':      0 ->   -100
                  '':      0 ->   -100
                  '':      0 ->   -100
                  '':      0 ->   -100
                  '':      0 ->   -100
                  '':      0 ->   -100
                  '':      0 ->   -100
                  '':      0 ->   -100
                  '':      0 ->   -100
                  '':      0 ->   -100
                  '':      0 ->   -100
                  '':      0 ->   -100
                  '':      0 ->   -100
                  '':      0 ->   -100
                  '':      0 ->   -100
                  '':      0 ->   -100
                  '':      0 ->   -100
                  '':      0 ->   -100
                  '':      0 ->   -100
                  '':      0 ->   -100
                  '':      0 ->   -100
                  '':      0 ->   -100
                  '':      0 ->   -100
                  '':      0 ->   -100
                  '':      0 ->   -100
                  '':      0 ->   -100
                  '':      0 ->   -100
                  '':      0 ->   -100
                  '':      0 ->   -100
                  '':      0 ->   -100
                  '':      0 ->   -100
                  '':      0 ->   -100
                  '':      0 ->   -100
                  '':      0 ->   -100
                  '':      0 ->   -100
                  '':      0 ->   -100
                  '':      0 ->   -100
                  '':      0 ->   -100
                  '':      0 ->   -100
                  '':      0 ->   -100
                  '':      0 ->   -100
                  '':      0 ->   -100
                  '':      0 ->   -100
                  '':      0 ->   -100
                  '':      0 ->   -100
                  '':      0 ->   -100
                  '':      0 ->   -100
                  '':      0 ->   -100
                  '':      0 ->   -100
                  '':      0 ->   -100
                  '':      0 ->   -100
                  '':      0 ->   -100
                  '':      0 ->   -100
                  '':      0 ->   -100
                  '':      0 ->   -100
                  '':      0 ->   -100
                  '':      0 ->   -100
                  '':      0 ->   -100
                  '':      0 ->   -100
                  '':      0 ->   -100
                  '':      0 ->   -100
                  '':      0 ->   -100
                  '':      0 ->   -100
                  '':      0 ->   -100
                  '':      0 ->   -100
                  '':      0 ->   -100
                  '':      0 ->   -100
                  '':      0 ->   -100
                  '':      0 ->   -100
                  '':      0 ->   -100
                  '':      0 ->   -100
                  '':      0 ->   -100
                  '':      0 ->   -100
                  '':      0 ->   -100
                  '':      0 ->   -100
                  '':      0 ->   -100
                  '':      0 ->   -100
                  '':      0 ->   -100
                  '':      0 ->   -100
                  '':      0 ->   -100
                  '':      0 ->   -100
                  '':      0 ->   -100
                  '':      0 ->   -100
                  '':      0 ->   -100
                  '':      0 ->   -100
                  '':      0 ->   -100
                  '':      0 ->   -100
                  '':      0 ->   -100
                  '':      0 ->   -100
                  '':      0 ->   -100
                  '':      0 ->   -100
                  '':      0 ->   -100
                  '':      0 ->   -100
                  '':      0 ->   -100
                  '':      0 ->   -100
                  '':      0 ->   -100
                  '':      0 ->   -100
                  '':      0 ->   -100
                  '':      0 ->   -100
                  '':      0 ->   -100
                  '':      0 ->   -100
                  '':      0 ->   -100
                  '':      0 ->   -100
                  '':      0 ->   -100
                  '':      0 ->   -100
                  '':      0 ->   -100
                  '':      0 ->   -100
                  '':      0 ->   -100
                  '':      0 ->   -100
                  '':      0 ->   -100
                  '':      0 ->   -100
                  '':      0 ->   -100
                  '':      0 ->   -100
                  '':      0 ->   -100
                  '':      0 ->   -100
                  '':      0 ->   -100
                  '':      0 ->   -100
                  '':      0 ->   -100
                  '':      0 ->   -100
                  '':      0 ->   -100
                  '':      0 ->   -100
                  '':      0 ->   -100
                  '':      0 ->   -100
                  '':      0 ->   -100
                  '':      0 ->   -100
                  '':      0 ->   -100
                  '':      0 ->   -100
                  '':      0 ->   -100
                  '':      0 ->   -100
                  '':      0 ->   -100
                  '':      0 ->   -100
                  '':      0 ->   -100
                  '':      0 ->   -100
                  '':      0 ->   -100
                  '':      0 ->   -100
                  '':      0 ->   -100
                  '':      0 ->   -100
                  '':      0 ->   -100
                  '':      0 ->   -100
                  '':      0 ->   -100
                  '':      0 ->   -100
                  '':      0 ->   -100
                  '':      0 ->   -100
                  '':      0 ->   -100
                  '':      0 ->   -100
                  '':      0 ->   -100
                  '':      0 ->   -100
                  '':      0 ->   -100
                  '':      0 ->   -100
                  '':      0 ->   -100
                  '':      0 ->   -100
                  '':      0 ->   -100
                  '':      0 ->   -100
                  '':      0 ->   -100
                  '':      0 ->   -100
                  '':      0 ->   -100
                  '':      0 ->   -100
                  '':      0 ->   -100
                  '':      0 ->   -100
                  '':      0 ->   -100
                  '':      0 ->   -100
                  '':      0 ->   -100
                  '':      0 ->   -100
                  '':      0 ->   -100
                  '':      0 ->   -100
                  '':      0 ->   -100
                  '':      0 ->   -100
                  '':      0 ->   -100
                  '':      0 ->   -100
                  '':      0 ->   -100
                  '':      0 ->   -100
                  '':      0 ->   -100
                  '':      0 ->   -100
                  '':      0 ->   -100
                  '':      0 ->   -100
                  '':      0 ->   -100
                  '':      0 ->   -100
                  '':      0 ->   -100
                  '':      0 ->   -100
                  '':      0 ->   -100
                  '':      0 ->   -100
                  '':      0 ->   -100
                  '':      0 ->   -100
                  '':      0 ->   -100
                  '':      0 ->   -100
                  '':      0 ->   -100
                  '':      0 ->   -100
                  '':      0 ->   -100
                  '':      0 ->   -100
                  '':      0 ->   -100
                  '':      0 ->   -100
                  '':      0 ->   -100
                  '':      0 ->   -100
                  '':      0 ->   -100
                  '':      0 ->   -100
                  '':      0 ->   -100
                  '':      0 ->   -100
                  '':      0 ->   -100
                  '':      0 ->   -100
                  '':      0 ->   -100
                  '':      0 ->   -100
                  '':      0 ->   -100
                  '':      0 ->   -100
                  '':      0 ->   -100
                  '':      0 ->   -100
                  '':      0 ->   -100
                  '':      0 ->   -100
                  '':      0 ->   -100
                  '':      0 ->   -100
                  '':      0 ->   -100
                  '':      0 ->   -100
                  '':      0 ->   -100
                  '':      0 ->   -100
                  '':      0 ->   -100
                  '':      0 ->   -100
                  '':      0 ->   -100
                  '':      0 ->   -100
                  '':      0 ->   -100
                  '':      0 ->   -100
                  '':      0 ->   -100
                  '':      0 ->   -100
                  '':      0 ->   -100
                  '':      0 ->   -100
                  '':      0 ->   -100
                  '':      0 ->   -100
                  '':      0 ->   -100
                  '':      0 ->   -100
                  '':      0 ->   -100
                  '':      0 ->   -100
                  '':      0 ->   -100
                  '':      0 ->   -100
                  '':      0 ->   -100
                  '':      0 ->   -100
                  '':      0 ->   -100
                  '':      0 ->   -100
                  '':      0 ->   -100
                  '':      0 ->   -100
                  '':      0 ->   -100
                  '':      0 ->   -100
                  '':      0 ->   -100
                  '':      0 ->   -100
                  '':      0 ->   -100
                  '':      0 ->   -100
                  '':      0 ->   -100
                  '':      0 ->   -100
                  '':      0 ->   -100
                  '':      0 ->   -100
                  '':      0 ->   -100
                  '':      0 ->   -100
                  '':      0 ->   -100
                  '':      0 ->   -100
                  '':      0 ->   -100
                  '':      0 ->   -100
                  '':      0 ->   -100
                  '':      0 ->   -100
                  '':      0 ->   -100
                  '':      0 ->   -100
                  '':      0 ->   -100
                  '':      0 ->   -100
                  '':      0 ->   -100
                  '':      0 ->   -100
                  '':      0 ->   -100
                  '':      0 ->   -100
                  '':      0 ->   -100
                  '':      0 ->   -100
                  '':      0 ->   -100
                  '':      0 ->   -100
                  '':      0 ->   -100
                  '':      0 ->   -100
                  '':      0 ->   -100
                  '':      0 ->   -100
                  '':      0 ->   -100
                  '':      0 ->   -100
                  '':      0 ->   -100
                  '':      0 ->   -100
                  '':      0 ->   -100
                  '':      0 ->   -100
                  '':      0 ->   -100
                  '':      0 ->   -100
                  '':      0 ->   -100
                  '':      0 ->   -100
                  '':      0 ->   -100
                  '':      0 ->   -100
                  '':      0 ->   -100
                  '':      0 ->   -100
                  '':      0 ->   -100
                  '':      0 ->   -100
                  '':      0 ->   -100
                  '':      0 ->   -100
                  '':      0 ->   -100
                  '':      0 ->   -100
                  '':      0 ->   -100
                  '':      0 ->   -100
                  '':      0 ->   -100
                  '':      0 ->   -100
                  '':      0 ->   -100
                  '':      0 ->   -100
                  '':      0 ->   -100
                  '':      0 ->   -100
                  '':      0 ->   -100
                  '':      0 ->   -100
                  '':      0 ->   -100
                  '':      0 ->   -100
                  '':      0 ->   -100
                  '':      0 ->   -100
                  '':      0 ->   -100
                  '':      0 ->   -100
                  '':      0 ->   -100
                  '':      0 ->   -100
                  '':      0 ->   -100
                  '':      0 ->   -100
                  '':      0 ->   -100
                  '':      0 ->   -100
                  '':      0 ->   -100
                  '':      0 ->   -100
                  '':      0 ->   -100
                  '':      0 ->   -100
                  '':      0 ->   -100
                  '':      0 ->   -100
                  '':      0 ->   -100
                  '':      0 ->   -100
                  '':      0 ->   -100
                  '':      0 ->   -100
                  '':      0 ->   -100
                  '':      0 ->   -100
                  '':      0 ->   -100
                  '':      0 ->   -100
                  '':      0 ->   -100
                  '':      0 ->   -100
                  '':      0 ->   -100
                  '':      0 ->   -100
                  '':      0 ->   -100
                  '':      0 ->   -100
                  '':      0 ->   -100
                  '':      0 ->   -100
                  '':      0 ->   -100
                  '':      0 ->   -100
                  '':      0 ->   -100
                  '':      0 ->   -100
                  '':      0 ->   -100
                  '':      0 ->   -100
                  '':      0 ->   -100
                  '':      0 ->   -100
                  '':      0 ->   -100
                  '':      0 ->   -100
                  '':      0 ->   -100
                  '':      0 ->   -100
                  '':      0 ->   -100
                  '':      0 ->   -100
                  '':      0 ->   -100
                  '':      0 ->   -100
                  '':      0 ->   -100
                  '':      0 ->   -100
                  '':      0 ->   -100
                  '':      0 ->   -100
                  '':      0 ->   -100
                  '':      0 ->   -100
                  '':      0 ->   -100
                  '':      0 ->   -100
                  '':      0 ->   -100
                  '':      0 ->   -100
                  '':      0 ->   -100
                  '':      0 ->   -100
                  '':      0 ->   -100
                  '':      0 ->   -100
                  '':      0 ->   -100
                  '':      0 ->   -100
                  '':      0 ->   -100
                  '':      0 ->   -100
                  '':      0 ->   -100
                  '':      0 ->   -100
                  '':      0 ->   -100
                  '':      0 ->   -100
                  '':      0 ->   -100
                  '':      0 ->   -100
                  '':      0 ->   -100
                  '':      0 ->   -100
                  '':      0 ->   -100
                  '':      0 ->   -100
                  '':      0 ->   -100
                  '':      0 ->   -100
                  '':      0 ->   -100
                  '':      0 ->   -100
                  '':      0 ->   -100
                  '':      0 ->   -100
                  '':      0 ->   -100
                  '':      0 ->   -100
                  '':      0 ->   -100
                  '':      0 ->   -100
                  '':      0 ->   -100
                  '':      0 ->   -100
                  '':      0 ->   -100
                  '':      0 ->   -100
                  '':      0 ->   -100
                  '':      0 ->   -100
                  '':      0 ->   -100
                  '':      0 ->   -100
                  '':      0 ->   -100
                  '':      0 ->   -100
                  '':      0 ->   -100
                  '':      0 ->   -100
                  '':      0 ->   -100
                  '':      0 ->   -100
                  '':      0 ->   -100
                  '':      0 ->   -100
                  '':      0 ->   -100
                  '':      0 ->   -100
                  '':      0 ->   -100
                  '':      0 ->   -100
                  '':      0 ->   -100
                  '':      0 ->   -100
                  '':      0 ->   -100
                  '':      0 ->   -100
                  '':      0 ->   -100
                  '':      0 ->   -100
                  '':      0 ->   -100
                  '':      0 ->   -100
                  '':      0 ->   -100
                  '':      0 ->   -100
                  '':      0 ->   -100
                  '':      0 ->   -100
                  '':      0 ->   -100
                  '':      0 ->   -100
                  '':      0 ->   -100
<<<<<<<<<<<<< Sanity Check
[INFO|trainer.py:576] 2023-12-09 17:23:16,904 >> max_steps is given, it will override any value given in num_train_epochs
[INFO|trainer.py:1760] 2023-12-09 17:23:20,451 >> ***** Running training *****
[INFO|trainer.py:1761] 2023-12-09 17:23:20,452 >>   Num examples = 12,952
[INFO|trainer.py:1762] 2023-12-09 17:23:20,452 >>   Num Epochs = 3
[INFO|trainer.py:1763] 2023-12-09 17:23:20,452 >>   Instantaneous batch size per device = 1
[INFO|trainer.py:1766] 2023-12-09 17:23:20,452 >>   Total train batch size (w. parallel, distributed & accumulation) = 32
[INFO|trainer.py:1767] 2023-12-09 17:23:20,452 >>   Gradient Accumulation steps = 32
[INFO|trainer.py:1768] 2023-12-09 17:23:20,452 >>   Total optimization steps = 1,000
[INFO|trainer.py:1769] 2023-12-09 17:23:20,456 >>   Number of trainable parameters = 1,835,008
  0%|          | 0/1000 [00:00<?, ?it/s]12/09/2023 17:23:33 - WARNING - transformers_modules.chatglm3-6b.modeling_chatglm - `use_cache=True` is incompatible with gradient checkpointing. Setting `use_cache=False`...
/home/ubuntu/miniconda3/envs/chatglm3-6b/lib/python3.10/site-packages/torch/utils/checkpoint.py:429: UserWarning: torch.utils.checkpoint: please pass in use_reentrant=True or use_reentrant=False explicitly. The default value of use_reentrant will be updated to be False in the future. To maintain current behavior, pass use_reentrant=True. It is recommended that you use use_reentrant=False. Refer to docs for more details on the differences between the two variants.
  warnings.warn(
  0%|          | 1/1000 [01:32<25:38:01, 92.37s/it]                                                   {'loss': 5.1719, 'learning_rate': 0.01998, 'epoch': 0.0}
  0%|          | 1/1000 [01:32<25:38:01, 92.37s/it]  0%|          | 2/1000 [02:56<24:11:31, 87.27s/it]                                                   {'loss': 2.0452, 'learning_rate': 0.019960000000000002, 'epoch': 0.0}
  0%|          | 2/1000 [02:56<24:11:31, 87.27s/it]  0%|          | 3/1000 [04:20<23:49:14, 86.01s/it]                                                   {'loss': 1.4639, 'learning_rate': 0.01994, 'epoch': 0.01}
  0%|          | 3/1000 [04:20<23:49:14, 86.01s/it]  0%|          | 4/1000 [05:45<23:38:08, 85.43s/it]                                                   {'loss': 1.0208, 'learning_rate': 0.01992, 'epoch': 0.01}
  0%|          | 4/1000 [05:45<23:38:08, 85.43s/it]  0%|          | 5/1000 [07:09<23:32:59, 85.21s/it]                                                   {'loss': 0.9876, 'learning_rate': 0.0199, 'epoch': 0.01}
  0%|          | 5/1000 [07:09<23:32:59, 85.21s/it]  1%|          | 6/1000 [08:35<23:32:21, 85.25s/it]                                                   {'loss': 0.8736, 'learning_rate': 0.019880000000000002, 'epoch': 0.01}
  1%|          | 6/1000 [08:35<23:32:21, 85.25s/it]  1%|          | 7/1000 [10:00<23:32:55, 85.37s/it]                                                   {'loss': 0.7549, 'learning_rate': 0.01986, 'epoch': 0.02}
  1%|          | 7/1000 [10:00<23:32:55, 85.37s/it]  1%|          | 8/1000 [11:26<23:32:36, 85.44s/it]                                                   {'loss': 0.5477, 'learning_rate': 0.01984, 'epoch': 0.02}
  1%|          | 8/1000 [11:26<23:32:36, 85.44s/it]  1%|          | 9/1000 [12:52<23:33:15, 85.57s/it]                                                   {'loss': 0.7497, 'learning_rate': 0.01982, 'epoch': 0.02}
  1%|          | 9/1000 [12:52<23:33:15, 85.57s/it]  1%|          | 10/1000 [14:18<23:33:22, 85.66s/it]                                                    {'loss': 0.663, 'learning_rate': 0.0198, 'epoch': 0.02}
  1%|          | 10/1000 [14:18<23:33:22, 85.66s/it]  1%|          | 11/1000 [15:44<23:33:22, 85.75s/it]                                                    {'loss': 0.4841, 'learning_rate': 0.01978, 'epoch': 0.03}
  1%|          | 11/1000 [15:44<23:33:22, 85.75s/it]  1%|          | 12/1000 [17:10<23:34:03, 85.87s/it]                                                    {'loss': 0.5236, 'learning_rate': 0.01976, 'epoch': 0.03}
  1%|          | 12/1000 [17:10<23:34:03, 85.87s/it]  1%|▏         | 13/1000 [18:36<23:35:46, 86.06s/it]                                                    {'loss': 0.6073, 'learning_rate': 0.01974, 'epoch': 0.03}
  1%|▏         | 13/1000 [18:36<23:35:46, 86.06s/it]  1%|▏         | 14/1000 [20:02<23:34:25, 86.07s/it]                                                    {'loss': 0.4655, 'learning_rate': 0.01972, 'epoch': 0.03}
  1%|▏         | 14/1000 [20:02<23:34:25, 86.07s/it]  2%|▏         | 15/1000 [21:28<23:32:47, 86.06s/it]                                                    {'loss': 0.4585, 'learning_rate': 0.0197, 'epoch': 0.04}
  2%|▏         | 15/1000 [21:28<23:32:47, 86.06s/it]  2%|▏         | 16/1000 [22:55<23:32:27, 86.13s/it]                                                    {'loss': 0.4188, 'learning_rate': 0.01968, 'epoch': 0.04}
  2%|▏         | 16/1000 [22:55<23:32:27, 86.13s/it]  2%|▏         | 17/1000 [24:21<23:32:49, 86.24s/it]                                                    {'loss': 0.4503, 'learning_rate': 0.01966, 'epoch': 0.04}
  2%|▏         | 17/1000 [24:21<23:32:49, 86.24s/it]  2%|▏         | 18/1000 [25:48<23:33:04, 86.34s/it]                                                    {'loss': 0.3586, 'learning_rate': 0.01964, 'epoch': 0.04}
  2%|▏         | 18/1000 [25:48<23:33:04, 86.34s/it]  2%|▏         | 19/1000 [27:14<23:32:25, 86.39s/it]                                                    {'loss': 0.5484, 'learning_rate': 0.01962, 'epoch': 0.05}
  2%|▏         | 19/1000 [27:14<23:32:25, 86.39s/it]  2%|▏         | 20/1000 [28:41<23:31:04, 86.39s/it]                                                    {'loss': 0.4394, 'learning_rate': 0.0196, 'epoch': 0.05}
  2%|▏         | 20/1000 [28:41<23:31:04, 86.39s/it]  2%|▏         | 21/1000 [30:07<23:28:56, 86.35s/it]                                                    {'loss': 0.4208, 'learning_rate': 0.01958, 'epoch': 0.05}
  2%|▏         | 21/1000 [30:07<23:28:56, 86.35s/it]  2%|▏         | 22/1000 [31:33<23:27:03, 86.32s/it]                                                    {'loss': 0.4366, 'learning_rate': 0.01956, 'epoch': 0.05}
  2%|▏         | 22/1000 [31:33<23:27:03, 86.32s/it]  2%|▏         | 23/1000 [33:00<23:26:24, 86.37s/it]                                                    {'loss': 0.3599, 'learning_rate': 0.01954, 'epoch': 0.06}
  2%|▏         | 23/1000 [33:00<23:26:24, 86.37s/it]  2%|▏         | 24/1000 [34:26<23:24:37, 86.35s/it]                                                    {'loss': 0.4025, 'learning_rate': 0.01952, 'epoch': 0.06}
  2%|▏         | 24/1000 [34:26<23:24:37, 86.35s/it]  2%|▎         | 25/1000 [35:52<23:22:52, 86.33s/it]                                                    {'loss': 0.3983, 'learning_rate': 0.0195, 'epoch': 0.06}
  2%|▎         | 25/1000 [35:52<23:22:52, 86.33s/it]  3%|▎         | 26/1000 [37:19<23:21:54, 86.36s/it]                                                    {'loss': 0.3597, 'learning_rate': 0.01948, 'epoch': 0.06}
  3%|▎         | 26/1000 [37:19<23:21:54, 86.36s/it]  3%|▎         | 27/1000 [38:45<23:20:29, 86.36s/it]                                                    {'loss': 0.4584, 'learning_rate': 0.01946, 'epoch': 0.07}
  3%|▎         | 27/1000 [38:45<23:20:29, 86.36s/it]  3%|▎         | 28/1000 [40:11<23:19:28, 86.39s/it]                                                    {'loss': 0.4311, 'learning_rate': 0.01944, 'epoch': 0.07}
  3%|▎         | 28/1000 [40:11<23:19:28, 86.39s/it]  3%|▎         | 29/1000 [41:38<23:17:53, 86.38s/it]                                                    {'loss': 0.4217, 'learning_rate': 0.01942, 'epoch': 0.07}
  3%|▎         | 29/1000 [41:38<23:17:53, 86.38s/it]  3%|▎         | 30/1000 [43:04<23:16:25, 86.38s/it]                                                    {'loss': 0.3754, 'learning_rate': 0.0194, 'epoch': 0.07}
  3%|▎         | 30/1000 [43:04<23:16:25, 86.38s/it]  3%|▎         | 31/1000 [44:31<23:14:41, 86.36s/it]                                                    {'loss': 0.3734, 'learning_rate': 0.01938, 'epoch': 0.08}
  3%|▎         | 31/1000 [44:31<23:14:41, 86.36s/it]  3%|▎         | 32/1000 [45:57<23:13:05, 86.35s/it]                                                    {'loss': 0.345, 'learning_rate': 0.01936, 'epoch': 0.08}
  3%|▎         | 32/1000 [45:57<23:13:05, 86.35s/it]  3%|▎         | 33/1000 [47:23<23:12:49, 86.42s/it]                                                    {'loss': 0.3288, 'learning_rate': 0.01934, 'epoch': 0.08}
  3%|▎         | 33/1000 [47:23<23:12:49, 86.42s/it]  3%|▎         | 34/1000 [48:50<23:11:24, 86.42s/it]                                                    {'loss': 0.4908, 'learning_rate': 0.01932, 'epoch': 0.08}
  3%|▎         | 34/1000 [48:50<23:11:24, 86.42s/it]  4%|▎         | 35/1000 [50:16<23:10:19, 86.45s/it]                                                    {'loss': 0.3837, 'learning_rate': 0.0193, 'epoch': 0.09}
  4%|▎         | 35/1000 [50:16<23:10:19, 86.45s/it]  4%|▎         | 36/1000 [51:43<23:09:18, 86.47s/it]                                                    {'loss': 0.3817, 'learning_rate': 0.01928, 'epoch': 0.09}
  4%|▎         | 36/1000 [51:43<23:09:18, 86.47s/it]  4%|▎         | 37/1000 [53:09<23:07:58, 86.48s/it]                                                    {'loss': 0.2827, 'learning_rate': 0.01926, 'epoch': 0.09}
  4%|▎         | 37/1000 [53:09<23:07:58, 86.48s/it]  4%|▍         | 38/1000 [54:36<23:05:56, 86.44s/it]                                                    {'loss': 0.3291, 'learning_rate': 0.01924, 'epoch': 0.09}
  4%|▍         | 38/1000 [54:36<23:05:56, 86.44s/it]  4%|▍         | 39/1000 [56:02<23:05:16, 86.49s/it]                                                    {'loss': 0.3799, 'learning_rate': 0.01922, 'epoch': 0.1}
  4%|▍         | 39/1000 [56:02<23:05:16, 86.49s/it]  4%|▍         | 40/1000 [57:29<23:04:07, 86.51s/it]                                                    {'loss': 0.276, 'learning_rate': 0.0192, 'epoch': 0.1}
  4%|▍         | 40/1000 [57:29<23:04:07, 86.51s/it]  4%|▍         | 41/1000 [58:55<23:02:51, 86.52s/it]                                                    {'loss': 0.3717, 'learning_rate': 0.01918, 'epoch': 0.1}
  4%|▍         | 41/1000 [58:55<23:02:51, 86.52s/it]  4%|▍         | 42/1000 [1:00:22<23:00:27, 86.46s/it]                                                      {'loss': 0.3445, 'learning_rate': 0.01916, 'epoch': 0.1}
  4%|▍         | 42/1000 [1:00:22<23:00:27, 86.46s/it]  4%|▍         | 43/1000 [1:01:48<22:58:58, 86.46s/it]                                                      {'loss': 0.3893, 'learning_rate': 0.01914, 'epoch': 0.11}
  4%|▍         | 43/1000 [1:01:48<22:58:58, 86.46s/it]  4%|▍         | 44/1000 [1:03:15<22:57:53, 86.48s/it]                                                      {'loss': 0.3862, 'learning_rate': 0.019119999999999998, 'epoch': 0.11}
  4%|▍         | 44/1000 [1:03:15<22:57:53, 86.48s/it]  4%|▍         | 45/1000 [1:04:41<22:56:44, 86.50s/it]                                                      {'loss': 0.3222, 'learning_rate': 0.0191, 'epoch': 0.11}
  4%|▍         | 45/1000 [1:04:41<22:56:44, 86.50s/it]  5%|▍         | 46/1000 [1:06:08<22:55:30, 86.51s/it]                                                      {'loss': 0.313, 'learning_rate': 0.01908, 'epoch': 0.11}
  5%|▍         | 46/1000 [1:06:08<22:55:30, 86.51s/it]  5%|▍         | 47/1000 [1:07:34<22:54:16, 86.52s/it]                                                      {'loss': 0.3798, 'learning_rate': 0.01906, 'epoch': 0.12}
  5%|▍         | 47/1000 [1:07:34<22:54:16, 86.52s/it]  5%|▍         | 48/1000 [1:09:01<22:52:43, 86.52s/it]                                                      {'loss': 0.3466, 'learning_rate': 0.019039999999999998, 'epoch': 0.12}
  5%|▍         | 48/1000 [1:09:01<22:52:43, 86.52s/it]  5%|▍         | 49/1000 [1:10:27<22:51:24, 86.52s/it]                                                      {'loss': 0.3354, 'learning_rate': 0.01902, 'epoch': 0.12}
  5%|▍         | 49/1000 [1:10:27<22:51:24, 86.52s/it]  5%|▌         | 50/1000 [1:11:54<22:49:59, 86.53s/it]                                                      {'loss': 0.3727, 'learning_rate': 0.019, 'epoch': 0.12}
  5%|▌         | 50/1000 [1:11:54<22:49:59, 86.53s/it]  5%|▌         | 51/1000 [1:13:20<22:48:33, 86.53s/it]                                                      {'loss': 0.2819, 'learning_rate': 0.01898, 'epoch': 0.13}
  5%|▌         | 51/1000 [1:13:20<22:48:33, 86.53s/it]  5%|▌         | 52/1000 [1:14:47<22:47:10, 86.53s/it]                                                      {'loss': 0.3048, 'learning_rate': 0.01896, 'epoch': 0.13}
  5%|▌         | 52/1000 [1:14:47<22:47:10, 86.53s/it]  5%|▌         | 53/1000 [1:16:14<22:45:43, 86.53s/it]                                                      {'loss': 0.4023, 'learning_rate': 0.01894, 'epoch': 0.13}
  5%|▌         | 53/1000 [1:16:14<22:45:43, 86.53s/it]  5%|▌         | 54/1000 [1:17:40<22:44:25, 86.54s/it]                                                      {'loss': 0.4464, 'learning_rate': 0.01892, 'epoch': 0.13}
  5%|▌         | 54/1000 [1:17:40<22:44:25, 86.54s/it]  6%|▌         | 55/1000 [1:19:07<22:42:58, 86.54s/it]                                                      {'loss': 0.3146, 'learning_rate': 0.0189, 'epoch': 0.14}
  6%|▌         | 55/1000 [1:19:07<22:42:58, 86.54s/it]  6%|▌         | 56/1000 [1:20:33<22:40:57, 86.50s/it]                                                      {'loss': 0.3125, 'learning_rate': 0.01888, 'epoch': 0.14}
  6%|▌         | 56/1000 [1:20:33<22:40:57, 86.50s/it]  6%|▌         | 57/1000 [1:22:00<22:39:38, 86.51s/it]                                                      {'loss': 0.3834, 'learning_rate': 0.01886, 'epoch': 0.14}
  6%|▌         | 57/1000 [1:22:00<22:39:38, 86.51s/it]  6%|▌         | 58/1000 [1:23:26<22:37:53, 86.49s/it]                                                      {'loss': 0.3078, 'learning_rate': 0.01884, 'epoch': 0.14}
  6%|▌         | 58/1000 [1:23:26<22:37:53, 86.49s/it]  6%|▌         | 59/1000 [1:24:53<22:36:22, 86.48s/it]                                                      {'loss': 0.342, 'learning_rate': 0.01882, 'epoch': 0.15}
  6%|▌         | 59/1000 [1:24:53<22:36:22, 86.48s/it]  6%|▌         | 60/1000 [1:26:19<22:34:52, 86.48s/it]                                                      {'loss': 0.4007, 'learning_rate': 0.0188, 'epoch': 0.15}
  6%|▌         | 60/1000 [1:26:19<22:34:52, 86.48s/it]  6%|▌         | 61/1000 [1:27:45<22:32:09, 86.40s/it]                                                      {'loss': 0.25, 'learning_rate': 0.018779999999999998, 'epoch': 0.15}
  6%|▌         | 61/1000 [1:27:45<22:32:09, 86.40s/it]  6%|▌         | 62/1000 [1:29:11<22:27:08, 86.17s/it]                                                      {'loss': 0.368, 'learning_rate': 0.01876, 'epoch': 0.15}
  6%|▌         | 62/1000 [1:29:11<22:27:08, 86.17s/it]  6%|▋         | 63/1000 [1:30:36<22:23:11, 86.01s/it]                                                      {'loss': 0.3173, 'learning_rate': 0.018740000000000003, 'epoch': 0.16}
  6%|▋         | 63/1000 [1:30:36<22:23:11, 86.01s/it]  6%|▋         | 64/1000 [1:32:02<22:19:06, 85.84s/it]                                                      {'loss': 0.3074, 'learning_rate': 0.01872, 'epoch': 0.16}
  6%|▋         | 64/1000 [1:32:02<22:19:06, 85.84s/it]  6%|▋         | 65/1000 [1:33:27<22:16:00, 85.73s/it]                                                      {'loss': 0.3166, 'learning_rate': 0.0187, 'epoch': 0.16}
  6%|▋         | 65/1000 [1:33:27<22:16:00, 85.73s/it]  7%|▋         | 66/1000 [1:34:53<22:12:59, 85.63s/it]                                                      {'loss': 0.2756, 'learning_rate': 0.018680000000000002, 'epoch': 0.16}
  7%|▋         | 66/1000 [1:34:53<22:12:59, 85.63s/it]  7%|▋         | 67/1000 [1:36:18<22:10:45, 85.58s/it]                                                      {'loss': 0.2682, 'learning_rate': 0.018660000000000003, 'epoch': 0.17}
  7%|▋         | 67/1000 [1:36:18<22:10:45, 85.58s/it]  7%|▋         | 68/1000 [1:37:44<22:09:19, 85.58s/it]                                                      {'loss': 0.3444, 'learning_rate': 0.01864, 'epoch': 0.17}
  7%|▋         | 68/1000 [1:37:44<22:09:19, 85.58s/it]  7%|▋         | 69/1000 [1:39:09<22:07:55, 85.58s/it]                                                      {'loss': 0.2863, 'learning_rate': 0.01862, 'epoch': 0.17}
  7%|▋         | 69/1000 [1:39:09<22:07:55, 85.58s/it]  7%|▋         | 70/1000 [1:40:35<22:06:26, 85.58s/it]                                                      {'loss': 0.345, 'learning_rate': 0.018600000000000002, 'epoch': 0.17}
  7%|▋         | 70/1000 [1:40:35<22:06:26, 85.58s/it]  7%|▋         | 71/1000 [1:42:01<22:05:12, 85.59s/it]                                                      {'loss': 0.3743, 'learning_rate': 0.018580000000000003, 'epoch': 0.18}
  7%|▋         | 71/1000 [1:42:01<22:05:12, 85.59s/it]  7%|▋         | 72/1000 [1:43:26<22:03:52, 85.60s/it]                                                      {'loss': 0.29, 'learning_rate': 0.01856, 'epoch': 0.18}
  7%|▋         | 72/1000 [1:43:26<22:03:52, 85.60s/it]  7%|▋         | 73/1000 [1:44:52<22:01:20, 85.52s/it]                                                      {'loss': 0.324, 'learning_rate': 0.01854, 'epoch': 0.18}
  7%|▋         | 73/1000 [1:44:52<22:01:20, 85.52s/it]  7%|▋         | 74/1000 [1:46:17<21:59:28, 85.49s/it]                                                      {'loss': 0.2867, 'learning_rate': 0.018520000000000002, 'epoch': 0.18}
  7%|▋         | 74/1000 [1:46:17<21:59:28, 85.49s/it]  8%|▊         | 75/1000 [1:47:42<21:57:37, 85.47s/it]                                                      {'loss': 0.3463, 'learning_rate': 0.018500000000000003, 'epoch': 0.19}
  8%|▊         | 75/1000 [1:47:42<21:57:37, 85.47s/it]  8%|▊         | 76/1000 [1:49:08<21:55:35, 85.43s/it]                                                      {'loss': 0.2744, 'learning_rate': 0.01848, 'epoch': 0.19}
  8%|▊         | 76/1000 [1:49:08<21:55:35, 85.43s/it]  8%|▊         | 77/1000 [1:50:33<21:53:51, 85.41s/it]                                                      {'loss': 0.3834, 'learning_rate': 0.01846, 'epoch': 0.19}
  8%|▊         | 77/1000 [1:50:33<21:53:51, 85.41s/it]  8%|▊         | 78/1000 [1:51:58<21:52:11, 85.39s/it]                                                      {'loss': 0.3553, 'learning_rate': 0.01844, 'epoch': 0.19}
  8%|▊         | 78/1000 [1:51:58<21:52:11, 85.39s/it]  8%|▊         | 79/1000 [1:53:24<21:51:20, 85.43s/it]                                                      {'loss': 0.2479, 'learning_rate': 0.018420000000000002, 'epoch': 0.2}
  8%|▊         | 79/1000 [1:53:24<21:51:20, 85.43s/it]  8%|▊         | 80/1000 [1:54:50<21:50:56, 85.50s/it]                                                      {'loss': 0.2338, 'learning_rate': 0.0184, 'epoch': 0.2}
  8%|▊         | 80/1000 [1:54:50<21:50:56, 85.50s/it]  8%|▊         | 81/1000 [1:56:15<21:49:35, 85.50s/it]                                                      {'loss': 0.3328, 'learning_rate': 0.01838, 'epoch': 0.2}
  8%|▊         | 81/1000 [1:56:15<21:49:35, 85.50s/it]  8%|▊         | 82/1000 [1:57:41<21:48:18, 85.51s/it]                                                      {'loss': 0.3188, 'learning_rate': 0.01836, 'epoch': 0.2}
  8%|▊         | 82/1000 [1:57:41<21:48:18, 85.51s/it]  8%|▊         | 83/1000 [1:59:06<21:47:41, 85.56s/it]                                                      {'loss': 0.349, 'learning_rate': 0.018340000000000002, 'epoch': 0.21}
  8%|▊         | 83/1000 [1:59:06<21:47:41, 85.56s/it]  8%|▊         | 84/1000 [2:00:32<21:45:31, 85.51s/it]                                                      {'loss': 0.2852, 'learning_rate': 0.01832, 'epoch': 0.21}
  8%|▊         | 84/1000 [2:00:32<21:45:31, 85.51s/it]  8%|▊         | 85/1000 [2:01:57<21:43:33, 85.48s/it]                                                      {'loss': 0.2979, 'learning_rate': 0.0183, 'epoch': 0.21}
  8%|▊         | 85/1000 [2:01:57<21:43:33, 85.48s/it]  9%|▊         | 86/1000 [2:03:24<21:49:49, 85.98s/it]                                                      {'loss': 0.3171, 'learning_rate': 0.01828, 'epoch': 0.21}
  9%|▊         | 86/1000 [2:03:24<21:49:49, 85.98s/it]  9%|▊         | 87/1000 [2:04:51<21:49:44, 86.07s/it]                                                      {'loss': 0.3219, 'learning_rate': 0.018260000000000002, 'epoch': 0.21}
  9%|▊         | 87/1000 [2:04:51<21:49:44, 86.07s/it]  9%|▉         | 88/1000 [2:06:17<21:50:10, 86.20s/it]                                                      {'loss': 0.2898, 'learning_rate': 0.018240000000000003, 'epoch': 0.22}
  9%|▉         | 88/1000 [2:06:17<21:50:10, 86.20s/it]  9%|▉         | 89/1000 [2:07:44<21:50:32, 86.31s/it]                                                      {'loss': 0.3021, 'learning_rate': 0.01822, 'epoch': 0.22}
  9%|▉         | 89/1000 [2:07:44<21:50:32, 86.31s/it]  9%|▉         | 90/1000 [2:09:10<21:50:10, 86.38s/it]                                                      {'loss': 0.3373, 'learning_rate': 0.0182, 'epoch': 0.22}
  9%|▉         | 90/1000 [2:09:10<21:50:10, 86.38s/it]  9%|▉         | 91/1000 [2:10:37<21:52:07, 86.61s/it]                                                      {'loss': 0.3272, 'learning_rate': 0.01818, 'epoch': 0.22}
  9%|▉         | 91/1000 [2:10:37<21:52:07, 86.61s/it]  9%|▉         | 92/1000 [2:12:04<21:50:47, 86.62s/it]                                                      {'loss': 0.2275, 'learning_rate': 0.018160000000000003, 'epoch': 0.23}
  9%|▉         | 92/1000 [2:12:04<21:50:47, 86.62s/it]  9%|▉         | 93/1000 [2:13:31<21:49:25, 86.62s/it]                                                      {'loss': 0.2469, 'learning_rate': 0.01814, 'epoch': 0.23}
  9%|▉         | 93/1000 [2:13:31<21:49:25, 86.62s/it]  9%|▉         | 94/1000 [2:14:57<21:47:27, 86.59s/it]                                                      {'loss': 0.3508, 'learning_rate': 0.01812, 'epoch': 0.23}
  9%|▉         | 94/1000 [2:14:57<21:47:27, 86.59s/it] 10%|▉         | 95/1000 [2:16:24<21:47:03, 86.66s/it]                                                      {'loss': 0.2357, 'learning_rate': 0.0181, 'epoch': 0.23}
 10%|▉         | 95/1000 [2:16:24<21:47:03, 86.66s/it] 10%|▉         | 96/1000 [2:17:50<21:44:45, 86.60s/it]                                                      {'loss': 0.3043, 'learning_rate': 0.018080000000000002, 'epoch': 0.24}
 10%|▉         | 96/1000 [2:17:50<21:44:45, 86.60s/it] 10%|▉         | 97/1000 [2:19:17<21:43:31, 86.61s/it]                                                      {'loss': 0.3627, 'learning_rate': 0.01806, 'epoch': 0.24}
 10%|▉         | 97/1000 [2:19:17<21:43:31, 86.61s/it] 10%|▉         | 98/1000 [2:20:44<21:42:04, 86.61s/it]                                                      {'loss': 0.3206, 'learning_rate': 0.01804, 'epoch': 0.24}
 10%|▉         | 98/1000 [2:20:44<21:42:04, 86.61s/it] 10%|▉         | 99/1000 [2:22:10<21:41:05, 86.64s/it]                                                      {'loss': 0.3777, 'learning_rate': 0.01802, 'epoch': 0.24}
 10%|▉         | 99/1000 [2:22:10<21:41:05, 86.64s/it] 10%|█         | 100/1000 [2:23:37<21:38:57, 86.60s/it]                                                       {'loss': 0.2575, 'learning_rate': 0.018000000000000002, 'epoch': 0.25}
 10%|█         | 100/1000 [2:23:37<21:38:57, 86.60s/it] 10%|█         | 101/1000 [2:25:04<21:39:11, 86.71s/it]                                                       {'loss': 0.2385, 'learning_rate': 0.01798, 'epoch': 0.25}
 10%|█         | 101/1000 [2:25:04<21:39:11, 86.71s/it] 10%|█         | 102/1000 [2:26:32<21:44:04, 87.13s/it]                                                       {'loss': 0.2275, 'learning_rate': 0.01796, 'epoch': 0.25}
 10%|█         | 102/1000 [2:26:32<21:44:04, 87.13s/it] 10%|█         | 103/1000 [2:28:00<21:47:52, 87.48s/it]                                                       {'loss': 0.2724, 'learning_rate': 0.01794, 'epoch': 0.25}
 10%|█         | 103/1000 [2:28:00<21:47:52, 87.48s/it]