[2023-12-09 17:08:13,471] torch.distributed.run: [WARNING] master_addr is only used for static rdzv_backend and when rdzv_endpoint is not specified.
12/09/2023 17:08:20 - WARNING - __main__ - Process rank: 0, device: cuda:0, n_gpu: 1distributed training: True, 16-bits training: False
12/09/2023 17:08:20 - INFO - __main__ - Training/evaluation parameters Seq2SeqTrainingArguments(
_n_gpu=1,
adafactor=False,
adam_beta1=0.9,
adam_beta2=0.999,
adam_epsilon=1e-08,
auto_find_batch_size=False,
bf16=False,
bf16_full_eval=False,
data_seed=None,
dataloader_drop_last=False,
dataloader_num_workers=0,
dataloader_pin_memory=True,
ddp_backend=None,
ddp_broadcast_buffers=None,
ddp_bucket_cap_mb=None,
ddp_find_unused_parameters=None,
ddp_timeout=1800,
debug=[],
deepspeed=None,
disable_tqdm=False,
dispatch_batches=None,
do_eval=False,
do_predict=False,
do_train=False,
eval_accumulation_steps=None,
eval_delay=0,
eval_steps=None,
evaluation_strategy=no,
fp16=False,
fp16_backend=auto,
fp16_full_eval=False,
fp16_opt_level=O1,
fsdp=[],
fsdp_config={'min_num_params': 0, 'xla': False, 'xla_fsdp_grad_ckpt': False},
fsdp_min_num_params=0,
fsdp_transformer_layer_cls_to_wrap=None,
full_determinism=False,
generation_config=None,
generation_max_length=None,
generation_num_beams=None,
gradient_accumulation_steps=32,
gradient_checkpointing=False,
gradient_checkpointing_kwargs=None,
greater_is_better=None,
group_by_length=False,
half_precision_backend=auto,
hub_always_push=False,
hub_model_id=None,
hub_private_repo=False,
hub_strategy=every_save,
hub_token=<HUB_TOKEN>,
ignore_data_skip=False,
include_inputs_for_metrics=False,
include_tokens_per_second=False,
jit_mode_eval=False,
label_names=None,
label_smoothing_factor=0.0,
learning_rate=0.02,
length_column_name=length,
load_best_model_at_end=False,
local_rank=0,
log_level=passive,
log_level_replica=warning,
log_on_each_node=True,
logging_dir=output/advertise_gen_pt-20231209-170809-128-2e-2/runs/Dec09_17-08-17_DESKTOP-KBECE9B,
logging_first_step=False,
logging_nan_inf_filter=True,
logging_steps=1.0,
logging_strategy=steps,
lr_scheduler_type=linear,
max_grad_norm=1.0,
max_steps=1000,
metric_for_best_model=None,
mp_parameters=,
neftune_noise_alpha=None,
no_cuda=False,
num_train_epochs=3.0,
optim=adamw_torch,
optim_args=None,
output_dir=output/advertise_gen_pt-20231209-170809-128-2e-2,
overwrite_output_dir=False,
past_index=-1,
per_device_eval_batch_size=8,
per_device_train_batch_size=1,
predict_with_generate=False,
prediction_loss_only=False,
push_to_hub=False,
push_to_hub_model_id=None,
push_to_hub_organization=None,
push_to_hub_token=<PUSH_TO_HUB_TOKEN>,
ray_scope=last,
remove_unused_columns=True,
report_to=[],
resume_from_checkpoint=None,
run_name=output/advertise_gen_pt-20231209-170809-128-2e-2,
save_on_each_node=False,
save_safetensors=True,
save_steps=500,
save_strategy=steps,
save_total_limit=None,
seed=42,
skip_memory_metrics=True,
sortish_sampler=False,
split_batches=False,
tf32=None,
torch_compile=False,
torch_compile_backend=None,
torch_compile_mode=None,
torchdynamo=None,
tpu_metrics_debug=False,
tpu_num_cores=None,
use_cpu=False,
use_ipex=False,
use_legacy_prediction_loop=False,
use_mps_device=False,
warmup_ratio=0.0,
warmup_steps=0,
weight_decay=0.0,
)
[INFO|configuration_utils.py:715] 2023-12-09 17:08:20,446 >> loading configuration file /home/ubuntu/chatglm3-6b/config.json
[INFO|configuration_utils.py:715] 2023-12-09 17:08:20,452 >> loading configuration file /home/ubuntu/chatglm3-6b/config.json
[INFO|configuration_utils.py:777] 2023-12-09 17:08:20,453 >> Model config ChatGLMConfig {
  "_name_or_path": "/home/ubuntu/chatglm3-6b",
  "add_bias_linear": false,
  "add_qkv_bias": true,
  "apply_query_key_layer_scaling": true,
  "apply_residual_connection_post_layernorm": false,
  "architectures": [
    "ChatGLMModel"
  ],
  "attention_dropout": 0.0,
  "attention_softmax_in_fp32": true,
  "auto_map": {
    "AutoConfig": "configuration_chatglm.ChatGLMConfig",
    "AutoModel": "modeling_chatglm.ChatGLMForConditionalGeneration",
    "AutoModelForCausalLM": "modeling_chatglm.ChatGLMForConditionalGeneration",
    "AutoModelForSeq2SeqLM": "modeling_chatglm.ChatGLMForConditionalGeneration",
    "AutoModelForSequenceClassification": "modeling_chatglm.ChatGLMForSequenceClassification"
  },
  "bias_dropout_fusion": true,
  "classifier_dropout": null,
  "eos_token_id": 2,
  "ffn_hidden_size": 13696,
  "fp32_residual_connection": false,
  "hidden_dropout": 0.0,
  "hidden_size": 4096,
  "kv_channels": 128,
  "layernorm_epsilon": 1e-05,
  "model_type": "chatglm",
  "multi_query_attention": true,
  "multi_query_group_num": 2,
  "num_attention_heads": 32,
  "num_layers": 28,
  "original_rope": true,
  "pad_token_id": 0,
  "padded_vocab_size": 65024,
  "post_layer_norm": true,
  "pre_seq_len": null,
  "prefix_projection": false,
  "quantization_bit": 0,
  "rmsnorm": true,
  "seq_length": 8192,
  "tie_word_embeddings": false,
  "torch_dtype": "float16",
  "transformers_version": "4.35.2",
  "use_cache": true,
  "vocab_size": 65024
}

[INFO|tokenization_utils_base.py:2020] 2023-12-09 17:08:20,456 >> loading file tokenizer.model
[INFO|tokenization_utils_base.py:2020] 2023-12-09 17:08:20,456 >> loading file added_tokens.json
[INFO|tokenization_utils_base.py:2020] 2023-12-09 17:08:20,456 >> loading file special_tokens_map.json
[INFO|tokenization_utils_base.py:2020] 2023-12-09 17:08:20,456 >> loading file tokenizer_config.json
[INFO|tokenization_utils_base.py:2020] 2023-12-09 17:08:20,456 >> loading file tokenizer.json
[INFO|modeling_utils.py:3118] 2023-12-09 17:08:20,817 >> loading weights file /home/ubuntu/chatglm3-6b/pytorch_model.bin.index.json
[INFO|configuration_utils.py:791] 2023-12-09 17:08:20,818 >> Generate config GenerationConfig {
  "eos_token_id": 2,
  "pad_token_id": 0
}

Loading checkpoint shards:   0%|          | 0/7 [00:00<?, ?it/s]Loading checkpoint shards:  14%|█▍        | 1/7 [00:01<00:11,  1.85s/it]Loading checkpoint shards:  29%|██▊       | 2/7 [00:05<00:15,  3.10s/it]Loading checkpoint shards:  43%|████▎     | 3/7 [00:21<00:35,  8.94s/it]Loading checkpoint shards:  57%|█████▋    | 4/7 [00:42<00:40, 13.67s/it]Loading checkpoint shards:  71%|███████▏  | 5/7 [00:46<00:20, 10.07s/it]Loading checkpoint shards:  86%|████████▌ | 6/7 [00:56<00:10, 10.09s/it]Loading checkpoint shards: 100%|██████████| 7/7 [00:58<00:00,  7.35s/it]Loading checkpoint shards: 100%|██████████| 7/7 [00:58<00:00,  8.31s/it]
[INFO|modeling_utils.py:3950] 2023-12-09 17:09:19,083 >> All model checkpoint weights were used when initializing ChatGLMForConditionalGeneration.

[WARNING|modeling_utils.py:3952] 2023-12-09 17:09:19,088 >> Some weights of ChatGLMForConditionalGeneration were not initialized from the model checkpoint at /home/ubuntu/chatglm3-6b and are newly initialized: ['transformer.prefix_encoder.embedding.weight']
You should probably TRAIN this model on a down-stream task to be able to use it for predictions and inference.
[INFO|modeling_utils.py:3525] 2023-12-09 17:09:19,101 >> Generation config file not found, using a generation config created from the model config.
Quantized to 4 bit
Sanity Check >>>>>>>>>>>>>
           '[gMASK]':  64790 ->   -100
               'sop':  64792 ->   -100
                 '我':  34211 ->   -100
                '看过':  37876 ->   -100
                '许多':  32102 ->   -100
                '勇敢':  35087 ->   -100
                '的人':  31635 ->   -100
                 '，':  31123 ->   -100
                '不怕':  36189 ->   -100
                 '措':  55566 ->   -100
                 '折':  55785 ->   -100
                 '地':  54563 ->   -100
                '奋斗':  32721 ->   -100
                 '，':  31123 ->   -100
                '这种':  31758 ->   -100
                '精神':  31712 ->   -100
              '值得我们':  48548 ->   -100
                '学习':  31658 ->   -100
                 '。':  31155 ->   -100
                 '我':  34211 ->  34211
                '看过':  37876 ->  37876
                '许多':  32102 ->  32102
                '勇敢':  35087 ->  35087
                '的人':  31635 ->  31635
                 '，':  31123 ->  31123
                '不怕':  36189 ->  36189
                '挫折':  38625 ->  38625
                 '地':  54563 ->  54563
                '奋斗':  32721 ->  32721
                 '，':  31123 ->  31123
                '这种':  31758 ->  31758
                '精神':  31712 ->  31712
              '值得我们':  48548 ->  48548
                '学习':  31658 ->  31658
                 '。':  31155 ->  31155
                  '':      2 ->      2
                  '':      0 ->   -100
                  '':      0 ->   -100
                  '':      0 ->   -100
                  '':      0 ->   -100
                  '':      0 ->   -100
                  '':      0 ->   -100
                  '':      0 ->   -100
                  '':      0 ->   -100
                  '':      0 ->   -100
                  '':      0 ->   -100
                  '':      0 ->   -100
                  '':      0 ->   -100
                  '':      0 ->   -100
                  '':      0 ->   -100
                  '':      0 ->   -100
                  '':      0 ->   -100
                  '':      0 ->   -100
                  '':      0 ->   -100
                  '':      0 ->   -100
                  '':      0 ->   -100
                  '':      0 ->   -100
                  '':      0 ->   -100
                  '':      0 ->   -100
                  '':      0 ->   -100
                  '':      0 ->   -100
                  '':      0 ->   -100
                  '':      0 ->   -100
                  '':      0 ->   -100
                  '':      0 ->   -100
                  '':      0 ->   -100
                  '':      0 ->   -100
                  '':      0 ->   -100
                  '':      0 ->   -100
                  '':      0 ->   -100
                  '':      0 ->   -100
                  '':      0 ->   -100
                  '':      0 ->   -100
                  '':      0 ->   -100
                  '':      0 ->   -100
                  '':      0 ->   -100
                  '':      0 ->   -100
                  '':      0 ->   -100
                  '':      0 ->   -100
                  '':      0 ->   -100
                  '':      0 ->   -100
                  '':      0 ->   -100
                  '':      0 ->   -100
                  '':      0 ->   -100
                  '':      0 ->   -100
                  '':      0 ->   -100
                  '':      0 ->   -100
                  '':      0 ->   -100
                  '':      0 ->   -100
                  '':      0 ->   -100
                  '':      0 ->   -100
                  '':      0 ->   -100
                  '':      0 ->   -100
                  '':      0 ->   -100
                  '':      0 ->   -100
                  '':      0 ->   -100
                  '':      0 ->   -100
                  '':      0 ->   -100
                  '':      0 ->   -100
                  '':      0 ->   -100
                  '':      0 ->   -100
                  '':      0 ->   -100
                  '':      0 ->   -100
                  '':      0 ->   -100
                  '':      0 ->   -100
                  '':      0 ->   -100
                  '':      0 ->   -100
                  '':      0 ->   -100
                  '':      0 ->   -100
                  '':      0 ->   -100
                  '':      0 ->   -100
                  '':      0 ->   -100
                  '':      0 ->   -100
                  '':      0 ->   -100
                  '':      0 ->   -100
                  '':      0 ->   -100
                  '':      0 ->   -100
                  '':      0 ->   -100
                  '':      0 ->   -100
                  '':      0 ->   -100
                  '':      0 ->   -100
                  '':      0 ->   -100
                  '':      0 ->   -100
                  '':      0 ->   -100
                  '':      0 ->   -100
                  '':      0 ->   -100
                  '':      0 ->   -100
                  '':      0 ->   -100
                  '':      0 ->   -100
                  '':      0 ->   -100
                  '':      0 ->   -100
                  '':      0 ->   -100
                  '':      0 ->   -100
                  '':      0 ->   -100
                  '':      0 ->   -100
                  '':      0 ->   -100
                  '':      0 ->   -100
                  '':      0 ->   -100
                  '':      0 ->   -100
                  '':      0 ->   -100
                  '':      0 ->   -100
                  '':      0 ->   -100
                  '':      0 ->   -100
                  '':      0 ->   -100
                  '':      0 ->   -100
                  '':      0 ->   -100
                  '':      0 ->   -100
                  '':      0 ->   -100
                  '':      0 ->   -100
                  '':      0 ->   -100
                  '':      0 ->   -100
                  '':      0 ->   -100
                  '':      0 ->   -100
                  '':      0 ->   -100
                  '':      0 ->   -100
                  '':      0 ->   -100
                  '':      0 ->   -100
                  '':      0 ->   -100
                  '':      0 ->   -100
                  '':      0 ->   -100
                  '':      0 ->   -100
                  '':      0 ->   -100
                  '':      0 ->   -100
                  '':      0 ->   -100
                  '':      0 ->   -100
                  '':      0 ->   -100
                  '':      0 ->   -100
                  '':      0 ->   -100
                  '':      0 ->   -100
                  '':      0 ->   -100
                  '':      0 ->   -100
                  '':      0 ->   -100
                  '':      0 ->   -100
                  '':      0 ->   -100
                  '':      0 ->   -100
                  '':      0 ->   -100
                  '':      0 ->   -100
                  '':      0 ->   -100
                  '':      0 ->   -100
                  '':      0 ->   -100
                  '':      0 ->   -100
                  '':      0 ->   -100
                  '':      0 ->   -100
                  '':      0 ->   -100
                  '':      0 ->   -100
                  '':      0 ->   -100
                  '':      0 ->   -100
                  '':      0 ->   -100
                  '':      0 ->   -100
                  '':      0 ->   -100
                  '':      0 ->   -100
                  '':      0 ->   -100
                  '':      0 ->   -100
                  '':      0 ->   -100
                  '':      0 ->   -100
                  '':      0 ->   -100
                  '':      0 ->   -100
                  '':      0 ->   -100
                  '':      0 ->   -100
                  '':      0 ->   -100
                  '':      0 ->   -100
                  '':      0 ->   -100
                  '':      0 ->   -100
                  '':      0 ->   -100
                  '':      0 ->   -100
                  '':      0 ->   -100
                  '':      0 ->   -100
                  '':      0 ->   -100
                  '':      0 ->   -100
                  '':      0 ->   -100
                  '':      0 ->   -100
                  '':      0 ->   -100
                  '':      0 ->   -100
                  '':      0 ->   -100
                  '':      0 ->   -100
                  '':      0 ->   -100
                  '':      0 ->   -100
                  '':      0 ->   -100
                  '':      0 ->   -100
                  '':      0 ->   -100
                  '':      0 ->   -100
                  '':      0 ->   -100
                  '':      0 ->   -100
                  '':      0 ->   -100
                  '':      0 ->   -100
                  '':      0 ->   -100
                  '':      0 ->   -100
                  '':      0 ->   -100
                  '':      0 ->   -100
                  '':      0 ->   -100
                  '':      0 ->   -100
                  '':      0 ->   -100
                  '':      0 ->   -100
                  '':      0 ->   -100
                  '':      0 ->   -100
                  '':      0 ->   -100
                  '':      0 ->   -100
                  '':      0 ->   -100
                  '':      0 ->   -100
                  '':      0 ->   -100
                  '':      0 ->   -100
                  '':      0 ->   -100
                  '':      0 ->   -100
                  '':      0 ->   -100
                  '':      0 ->   -100
                  '':      0 ->   -100
                  '':      0 ->   -100
                  '':      0 ->   -100
                  '':      0 ->   -100
                  '':      0 ->   -100
                  '':      0 ->   -100
                  '':      0 ->   -100
                  '':      0 ->   -100
                  '':      0 ->   -100
                  '':      0 ->   -100
                  '':      0 ->   -100
                  '':      0 ->   -100
                  '':      0 ->   -100
                  '':      0 ->   -100
                  '':      0 ->   -100
                  '':      0 ->   -100
                  '':      0 ->   -100
                  '':      0 ->   -100
                  '':      0 ->   -100
                  '':      0 ->   -100
                  '':      0 ->   -100
                  '':      0 ->   -100
                  '':      0 ->   -100
                  '':      0 ->   -100
                  '':      0 ->   -100
                  '':      0 ->   -100
                  '':      0 ->   -100
                  '':      0 ->   -100
                  '':      0 ->   -100
                  '':      0 ->   -100
                  '':      0 ->   -100
                  '':      0 ->   -100
                  '':      0 ->   -100
                  '':      0 ->   -100
                  '':      0 ->   -100
                  '':      0 ->   -100
                  '':      0 ->   -100
                  '':      0 ->   -100
                  '':      0 ->   -100
                  '':      0 ->   -100
                  '':      0 ->   -100
                  '':      0 ->   -100
                  '':      0 ->   -100
                  '':      0 ->   -100
                  '':      0 ->   -100
                  '':      0 ->   -100
                  '':      0 ->   -100
                  '':      0 ->   -100
                  '':      0 ->   -100
                  '':      0 ->   -100
                  '':      0 ->   -100
                  '':      0 ->   -100
                  '':      0 ->   -100
                  '':      0 ->   -100
                  '':      0 ->   -100
                  '':      0 ->   -100
                  '':      0 ->   -100
                  '':      0 ->   -100
                  '':      0 ->   -100
                  '':      0 ->   -100
                  '':      0 ->   -100
                  '':      0 ->   -100
                  '':      0 ->   -100
                  '':      0 ->   -100
                  '':      0 ->   -100
                  '':      0 ->   -100
                  '':      0 ->   -100
                  '':      0 ->   -100
                  '':      0 ->   -100
                  '':      0 ->   -100
                  '':      0 ->   -100
                  '':      0 ->   -100
                  '':      0 ->   -100
                  '':      0 ->   -100
                  '':      0 ->   -100
                  '':      0 ->   -100
                  '':      0 ->   -100
                  '':      0 ->   -100
                  '':      0 ->   -100
                  '':      0 ->   -100
                  '':      0 ->   -100
                  '':      0 ->   -100
                  '':      0 ->   -100
                  '':      0 ->   -100
                  '':      0 ->   -100
                  '':      0 ->   -100
                  '':      0 ->   -100
                  '':      0 ->   -100
                  '':      0 ->   -100
                  '':      0 ->   -100
                  '':      0 ->   -100
                  '':      0 ->   -100
                  '':      0 ->   -100
                  '':      0 ->   -100
                  '':      0 ->   -100
                  '':      0 ->   -100
                  '':      0 ->   -100
                  '':      0 ->   -100
                  '':      0 ->   -100
                  '':      0 ->   -100
                  '':      0 ->   -100
                  '':      0 ->   -100
                  '':      0 ->   -100
                  '':      0 ->   -100
                  '':      0 ->   -100
                  '':      0 ->   -100
                  '':      0 ->   -100
                  '':      0 ->   -100
                  '':      0 ->   -100
                  '':      0 ->   -100
                  '':      0 ->   -100
                  '':      0 ->   -100
                  '':      0 ->   -100
                  '':      0 ->   -100
                  '':      0 ->   -100
                  '':      0 ->   -100
                  '':      0 ->   -100
                  '':      0 ->   -100
                  '':      0 ->   -100
                  '':      0 ->   -100
                  '':      0 ->   -100
                  '':      0 ->   -100
                  '':      0 ->   -100
                  '':      0 ->   -100
                  '':      0 ->   -100
                  '':      0 ->   -100
                  '':      0 ->   -100
                  '':      0 ->   -100
                  '':      0 ->   -100
                  '':      0 ->   -100
                  '':      0 ->   -100
                  '':      0 ->   -100
                  '':      0 ->   -100
                  '':      0 ->   -100
                  '':      0 ->   -100
                  '':      0 ->   -100
                  '':      0 ->   -100
                  '':      0 ->   -100
                  '':      0 ->   -100
                  '':      0 ->   -100
                  '':      0 ->   -100
                  '':      0 ->   -100
                  '':      0 ->   -100
                  '':      0 ->   -100
                  '':      0 ->   -100
                  '':      0 ->   -100
                  '':      0 ->   -100
                  '':      0 ->   -100
                  '':      0 ->   -100
                  '':      0 ->   -100
                  '':      0 ->   -100
                  '':      0 ->   -100
                  '':      0 ->   -100
                  '':      0 ->   -100
                  '':      0 ->   -100
                  '':      0 ->   -100
                  '':      0 ->   -100
                  '':      0 ->   -100
                  '':      0 ->   -100
                  '':      0 ->   -100
                  '':      0 ->   -100
                  '':      0 ->   -100
                  '':      0 ->   -100
                  '':      0 ->   -100
                  '':      0 ->   -100
                  '':      0 ->   -100
                  '':      0 ->   -100
                  '':      0 ->   -100
                  '':      0 ->   -100
                  '':      0 ->   -100
                  '':      0 ->   -100
                  '':      0 ->   -100
                  '':      0 ->   -100
                  '':      0 ->   -100
                  '':      0 ->   -100
                  '':      0 ->   -100
                  '':      0 ->   -100
                  '':      0 ->   -100
                  '':      0 ->   -100
                  '':      0 ->   -100
                  '':      0 ->   -100
                  '':      0 ->   -100
                  '':      0 ->   -100
                  '':      0 ->   -100
                  '':      0 ->   -100
                  '':      0 ->   -100
                  '':      0 ->   -100
                  '':      0 ->   -100
                  '':      0 ->   -100
                  '':      0 ->   -100
                  '':      0 ->   -100
                  '':      0 ->   -100
                  '':      0 ->   -100
                  '':      0 ->   -100
                  '':      0 ->   -100
                  '':      0 ->   -100
                  '':      0 ->   -100
                  '':      0 ->   -100
                  '':      0 ->   -100
                  '':      0 ->   -100
                  '':      0 ->   -100
                  '':      0 ->   -100
                  '':      0 ->   -100
                  '':      0 ->   -100
                  '':      0 ->   -100
                  '':      0 ->   -100
                  '':      0 ->   -100
                  '':      0 ->   -100
                  '':      0 ->   -100
                  '':      0 ->   -100
                  '':      0 ->   -100
                  '':      0 ->   -100
                  '':      0 ->   -100
                  '':      0 ->   -100
                  '':      0 ->   -100
                  '':      0 ->   -100
                  '':      0 ->   -100
                  '':      0 ->   -100
                  '':      0 ->   -100
                  '':      0 ->   -100
                  '':      0 ->   -100
                  '':      0 ->   -100
                  '':      0 ->   -100
                  '':      0 ->   -100
                  '':      0 ->   -100
                  '':      0 ->   -100
                  '':      0 ->   -100
                  '':      0 ->   -100
                  '':      0 ->   -100
                  '':      0 ->   -100
                  '':      0 ->   -100
                  '':      0 ->   -100
                  '':      0 ->   -100
                  '':      0 ->   -100
                  '':      0 ->   -100
                  '':      0 ->   -100
                  '':      0 ->   -100
                  '':      0 ->   -100
                  '':      0 ->   -100
                  '':      0 ->   -100
                  '':      0 ->   -100
                  '':      0 ->   -100
                  '':      0 ->   -100
                  '':      0 ->   -100
                  '':      0 ->   -100
                  '':      0 ->   -100
                  '':      0 ->   -100
                  '':      0 ->   -100
                  '':      0 ->   -100
                  '':      0 ->   -100
                  '':      0 ->   -100
                  '':      0 ->   -100
                  '':      0 ->   -100
                  '':      0 ->   -100
                  '':      0 ->   -100
                  '':      0 ->   -100
                  '':      0 ->   -100
                  '':      0 ->   -100
                  '':      0 ->   -100
                  '':      0 ->   -100
                  '':      0 ->   -100
                  '':      0 ->   -100
                  '':      0 ->   -100
                  '':      0 ->   -100
                  '':      0 ->   -100
                  '':      0 ->   -100
                  '':      0 ->   -100
                  '':      0 ->   -100
                  '':      0 ->   -100
                  '':      0 ->   -100
                  '':      0 ->   -100
                  '':      0 ->   -100
                  '':      0 ->   -100
                  '':      0 ->   -100
                  '':      0 ->   -100
                  '':      0 ->   -100
                  '':      0 ->   -100
                  '':      0 ->   -100
                  '':      0 ->   -100
                  '':      0 ->   -100
                  '':      0 ->   -100
                  '':      0 ->   -100
                  '':      0 ->   -100
                  '':      0 ->   -100
                  '':      0 ->   -100
                  '':      0 ->   -100
                  '':      0 ->   -100
                  '':      0 ->   -100
                  '':      0 ->   -100
                  '':      0 ->   -100
                  '':      0 ->   -100
                  '':      0 ->   -100
                  '':      0 ->   -100
                  '':      0 ->   -100
                  '':      0 ->   -100
                  '':      0 ->   -100
                  '':      0 ->   -100
                  '':      0 ->   -100
                  '':      0 ->   -100
                  '':      0 ->   -100
                  '':      0 ->   -100
                  '':      0 ->   -100
                  '':      0 ->   -100
                  '':      0 ->   -100
                  '':      0 ->   -100
                  '':      0 ->   -100
                  '':      0 ->   -100
                  '':      0 ->   -100
                  '':      0 ->   -100
                  '':      0 ->   -100
                  '':      0 ->   -100
                  '':      0 ->   -100
                  '':      0 ->   -100
                  '':      0 ->   -100
                  '':      0 ->   -100
                  '':      0 ->   -100
                  '':      0 ->   -100
                  '':      0 ->   -100
                  '':      0 ->   -100
                  '':      0 ->   -100
                  '':      0 ->   -100
                  '':      0 ->   -100
                  '':      0 ->   -100
                  '':      0 ->   -100
                  '':      0 ->   -100
                  '':      0 ->   -100
                  '':      0 ->   -100
                  '':      0 ->   -100
                  '':      0 ->   -100
                  '':      0 ->   -100
                  '':      0 ->   -100
                  '':      0 ->   -100
                  '':      0 ->   -100
                  '':      0 ->   -100
                  '':      0 ->   -100
                  '':      0 ->   -100
                  '':      0 ->   -100
                  '':      0 ->   -100
                  '':      0 ->   -100
                  '':      0 ->   -100
                  '':      0 ->   -100
                  '':      0 ->   -100
                  '':      0 ->   -100
                  '':      0 ->   -100
                  '':      0 ->   -100
                  '':      0 ->   -100
                  '':      0 ->   -100
                  '':      0 ->   -100
                  '':      0 ->   -100
                  '':      0 ->   -100
                  '':      0 ->   -100
                  '':      0 ->   -100
                  '':      0 ->   -100
                  '':      0 ->   -100
                  '':      0 ->   -100
                  '':      0 ->   -100
                  '':      0 ->   -100
                  '':      0 ->   -100
                  '':      0 ->   -100
                  '':      0 ->   -100
                  '':      0 ->   -100
                  '':      0 ->   -100
                  '':      0 ->   -100
                  '':      0 ->   -100
                  '':      0 ->   -100
                  '':      0 ->   -100
                  '':      0 ->   -100
                  '':      0 ->   -100
                  '':      0 ->   -100
                  '':      0 ->   -100
                  '':      0 ->   -100
                  '':      0 ->   -100
                  '':      0 ->   -100
                  '':      0 ->   -100
                  '':      0 ->   -100
                  '':      0 ->   -100
                  '':      0 ->   -100
                  '':      0 ->   -100
                  '':      0 ->   -100
                  '':      0 ->   -100
                  '':      0 ->   -100
                  '':      0 ->   -100
                  '':      0 ->   -100
                  '':      0 ->   -100
                  '':      0 ->   -100
                  '':      0 ->   -100
                  '':      0 ->   -100
                  '':      0 ->   -100
                  '':      0 ->   -100
                  '':      0 ->   -100
                  '':      0 ->   -100
                  '':      0 ->   -100
                  '':      0 ->   -100
                  '':      0 ->   -100
                  '':      0 ->   -100
                  '':      0 ->   -100
                  '':      0 ->   -100
                  '':      0 ->   -100
                  '':      0 ->   -100
                  '':      0 ->   -100
                  '':      0 ->   -100
                  '':      0 ->   -100
                  '':      0 ->   -100
                  '':      0 ->   -100
                  '':      0 ->   -100
                  '':      0 ->   -100
                  '':      0 ->   -100
                  '':      0 ->   -100
                  '':      0 ->   -100
                  '':      0 ->   -100
                  '':      0 ->   -100
                  '':      0 ->   -100
                  '':      0 ->   -100
                  '':      0 ->   -100
                  '':      0 ->   -100
                  '':      0 ->   -100
                  '':      0 ->   -100
                  '':      0 ->   -100
                  '':      0 ->   -100
                  '':      0 ->   -100
                  '':      0 ->   -100
                  '':      0 ->   -100
                  '':      0 ->   -100
                  '':      0 ->   -100
                  '':      0 ->   -100
                  '':      0 ->   -100
                  '':      0 ->   -100
                  '':      0 ->   -100
                  '':      0 ->   -100
                  '':      0 ->   -100
                  '':      0 ->   -100
                  '':      0 ->   -100
                  '':      0 ->   -100
                  '':      0 ->   -100
                  '':      0 ->   -100
                  '':      0 ->   -100
                  '':      0 ->   -100
                  '':      0 ->   -100
                  '':      0 ->   -100
                  '':      0 ->   -100
                  '':      0 ->   -100
                  '':      0 ->   -100
                  '':      0 ->   -100
                  '':      0 ->   -100
                  '':      0 ->   -100
                  '':      0 ->   -100
                  '':      0 ->   -100
                  '':      0 ->   -100
                  '':      0 ->   -100
                  '':      0 ->   -100
                  '':      0 ->   -100
                  '':      0 ->   -100
                  '':      0 ->   -100
                  '':      0 ->   -100
                  '':      0 ->   -100
                  '':      0 ->   -100
                  '':      0 ->   -100
                  '':      0 ->   -100
                  '':      0 ->   -100
                  '':      0 ->   -100
                  '':      0 ->   -100
                  '':      0 ->   -100
                  '':      0 ->   -100
                  '':      0 ->   -100
                  '':      0 ->   -100
                  '':      0 ->   -100
                  '':      0 ->   -100
                  '':      0 ->   -100
                  '':      0 ->   -100
                  '':      0 ->   -100
                  '':      0 ->   -100
                  '':      0 ->   -100
                  '':      0 ->   -100
                  '':      0 ->   -100
                  '':      0 ->   -100
                  '':      0 ->   -100
                  '':      0 ->   -100
                  '':      0 ->   -100
                  '':      0 ->   -100
                  '':      0 ->   -100
                  '':      0 ->   -100
                  '':      0 ->   -100
                  '':      0 ->   -100
                  '':      0 ->   -100
                  '':      0 ->   -100
                  '':      0 ->   -100
                  '':      0 ->   -100
                  '':      0 ->   -100
                  '':      0 ->   -100
                  '':      0 ->   -100
                  '':      0 ->   -100
                  '':      0 ->   -100
                  '':      0 ->   -100
                  '':      0 ->   -100
                  '':      0 ->   -100
                  '':      0 ->   -100
                  '':      0 ->   -100
                  '':      0 ->   -100
                  '':      0 ->   -100
                  '':      0 ->   -100
                  '':      0 ->   -100
                  '':      0 ->   -100
                  '':      0 ->   -100
                  '':      0 ->   -100
                  '':      0 ->   -100
                  '':      0 ->   -100
                  '':      0 ->   -100
                  '':      0 ->   -100
                  '':      0 ->   -100
                  '':      0 ->   -100
                  '':      0 ->   -100
                  '':      0 ->   -100
                  '':      0 ->   -100
                  '':      0 ->   -100
                  '':      0 ->   -100
                  '':      0 ->   -100
                  '':      0 ->   -100
                  '':      0 ->   -100
                  '':      0 ->   -100
                  '':      0 ->   -100
                  '':      0 ->   -100
                  '':      0 ->   -100
                  '':      0 ->   -100
                  '':      0 ->   -100
                  '':      0 ->   -100
                  '':      0 ->   -100
                  '':      0 ->   -100
                  '':      0 ->   -100
                  '':      0 ->   -100
                  '':      0 ->   -100
                  '':      0 ->   -100
                  '':      0 ->   -100
                  '':      0 ->   -100
                  '':      0 ->   -100
                  '':      0 ->   -100
                  '':      0 ->   -100
                  '':      0 ->   -100
                  '':      0 ->   -100
                  '':      0 ->   -100
                  '':      0 ->   -100
                  '':      0 ->   -100
                  '':      0 ->   -100
                  '':      0 ->   -100
                  '':      0 ->   -100
                  '':      0 ->   -100
                  '':      0 ->   -100
                  '':      0 ->   -100
                  '':      0 ->   -100
                  '':      0 ->   -100
                  '':      0 ->   -100
                  '':      0 ->   -100
                  '':      0 ->   -100
                  '':      0 ->   -100
                  '':      0 ->   -100
                  '':      0 ->   -100
                  '':      0 ->   -100
                  '':      0 ->   -100
                  '':      0 ->   -100
                  '':      0 ->   -100
                  '':      0 ->   -100
                  '':      0 ->   -100
                  '':      0 ->   -100
                  '':      0 ->   -100
                  '':      0 ->   -100
                  '':      0 ->   -100
                  '':      0 ->   -100
                  '':      0 ->   -100
                  '':      0 ->   -100
                  '':      0 ->   -100
                  '':      0 ->   -100
                  '':      0 ->   -100
                  '':      0 ->   -100
                  '':      0 ->   -100
                  '':      0 ->   -100
                  '':      0 ->   -100
                  '':      0 ->   -100
                  '':      0 ->   -100
                  '':      0 ->   -100
                  '':      0 ->   -100
                  '':      0 ->   -100
                  '':      0 ->   -100
                  '':      0 ->   -100
                  '':      0 ->   -100
                  '':      0 ->   -100
                  '':      0 ->   -100
                  '':      0 ->   -100
                  '':      0 ->   -100
                  '':      0 ->   -100
                  '':      0 ->   -100
                  '':      0 ->   -100
                  '':      0 ->   -100
                  '':      0 ->   -100
                  '':      0 ->   -100
                  '':      0 ->   -100
                  '':      0 ->   -100
                  '':      0 ->   -100
                  '':      0 ->   -100
                  '':      0 ->   -100
                  '':      0 ->   -100
                  '':      0 ->   -100
                  '':      0 ->   -100
                  '':      0 ->   -100
                  '':      0 ->   -100
                  '':      0 ->   -100
                  '':      0 ->   -100
                  '':      0 ->   -100
                  '':      0 ->   -100
                  '':      0 ->   -100
                  '':      0 ->   -100
                  '':      0 ->   -100
                  '':      0 ->   -100
                  '':      0 ->   -100
                  '':      0 ->   -100
                  '':      0 ->   -100
                  '':      0 ->   -100
                  '':      0 ->   -100
                  '':      0 ->   -100
                  '':      0 ->   -100
                  '':      0 ->   -100
                  '':      0 ->   -100
                  '':      0 ->   -100
                  '':      0 ->   -100
                  '':      0 ->   -100
                  '':      0 ->   -100
                  '':      0 ->   -100
                  '':      0 ->   -100
                  '':      0 ->   -100
                  '':      0 ->   -100
                  '':      0 ->   -100
                  '':      0 ->   -100
                  '':      0 ->   -100
                  '':      0 ->   -100
                  '':      0 ->   -100
                  '':      0 ->   -100
                  '':      0 ->   -100
                  '':      0 ->   -100
                  '':      0 ->   -100
                  '':      0 ->   -100
                  '':      0 ->   -100
                  '':      0 ->   -100
                  '':      0 ->   -100
                  '':      0 ->   -100
                  '':      0 ->   -100
                  '':      0 ->   -100
                  '':      0 ->   -100
                  '':      0 ->   -100
                  '':      0 ->   -100
                  '':      0 ->   -100
                  '':      0 ->   -100
                  '':      0 ->   -100
                  '':      0 ->   -100
                  '':      0 ->   -100
                  '':      0 ->   -100
                  '':      0 ->   -100
                  '':      0 ->   -100
                  '':      0 ->   -100
                  '':      0 ->   -100
                  '':      0 ->   -100
                  '':      0 ->   -100
                  '':      0 ->   -100
                  '':      0 ->   -100
                  '':      0 ->   -100
                  '':      0 ->   -100
                  '':      0 ->   -100
                  '':      0 ->   -100
                  '':      0 ->   -100
                  '':      0 ->   -100
                  '':      0 ->   -100
                  '':      0 ->   -100
                  '':      0 ->   -100
                  '':      0 ->   -100
                  '':      0 ->   -100
                  '':      0 ->   -100
                  '':      0 ->   -100
                  '':      0 ->   -100
                  '':      0 ->   -100
                  '':      0 ->   -100
                  '':      0 ->   -100
                  '':      0 ->   -100
                  '':      0 ->   -100
                  '':      0 ->   -100
                  '':      0 ->   -100
                  '':      0 ->   -100
                  '':      0 ->   -100
                  '':      0 ->   -100
                  '':      0 ->   -100
                  '':      0 ->   -100
                  '':      0 ->   -100
                  '':      0 ->   -100
                  '':      0 ->   -100
                  '':      0 ->   -100
                  '':      0 ->   -100
                  '':      0 ->   -100
                  '':      0 ->   -100
                  '':      0 ->   -100
                  '':      0 ->   -100
                  '':      0 ->   -100
                  '':      0 ->   -100
                  '':      0 ->   -100
                  '':      0 ->   -100
                  '':      0 ->   -100
                  '':      0 ->   -100
                  '':      0 ->   -100
                  '':      0 ->   -100
                  '':      0 ->   -100
                  '':      0 ->   -100
                  '':      0 ->   -100
                  '':      0 ->   -100
                  '':      0 ->   -100
                  '':      0 ->   -100
                  '':      0 ->   -100
                  '':      0 ->   -100
                  '':      0 ->   -100
                  '':      0 ->   -100
                  '':      0 ->   -100
                  '':      0 ->   -100
                  '':      0 ->   -100
                  '':      0 ->   -100
                  '':      0 ->   -100
                  '':      0 ->   -100
                  '':      0 ->   -100
                  '':      0 ->   -100
                  '':      0 ->   -100
                  '':      0 ->   -100
                  '':      0 ->   -100
                  '':      0 ->   -100
                  '':      0 ->   -100
                  '':      0 ->   -100
                  '':      0 ->   -100
                  '':      0 ->   -100
                  '':      0 ->   -100
                  '':      0 ->   -100
                  '':      0 ->   -100
                  '':      0 ->   -100
                  '':      0 ->   -100
                  '':      0 ->   -100
                  '':      0 ->   -100
                  '':      0 ->   -100
                  '':      0 ->   -100
                  '':      0 ->   -100
                  '':      0 ->   -100
                  '':      0 ->   -100
                  '':      0 ->   -100
                  '':      0 ->   -100
                  '':      0 ->   -100
                  '':      0 ->   -100
                  '':      0 ->   -100
                  '':      0 ->   -100
                  '':      0 ->   -100
                  '':      0 ->   -100
                  '':      0 ->   -100
                  '':      0 ->   -100
                  '':      0 ->   -100
                  '':      0 ->   -100
                  '':      0 ->   -100
                  '':      0 ->   -100
                  '':      0 ->   -100
                  '':      0 ->   -100
                  '':      0 ->   -100
                  '':      0 ->   -100
                  '':      0 ->   -100
                  '':      0 ->   -100
                  '':      0 ->   -100
                  '':      0 ->   -100
                  '':      0 ->   -100
                  '':      0 ->   -100
                  '':      0 ->   -100
                  '':      0 ->   -100
                  '':      0 ->   -100
                  '':      0 ->   -100
                  '':      0 ->   -100
                  '':      0 ->   -100
                  '':      0 ->   -100
                  '':      0 ->   -100
                  '':      0 ->   -100
                  '':      0 ->   -100
                  '':      0 ->   -100
                  '':      0 ->   -100
                  '':      0 ->   -100
                  '':      0 ->   -100
                  '':      0 ->   -100
                  '':      0 ->   -100
                  '':      0 ->   -100
                  '':      0 ->   -100
                  '':      0 ->   -100
                  '':      0 ->   -100
                  '':      0 ->   -100
                  '':      0 ->   -100
                  '':      0 ->   -100
                  '':      0 ->   -100
                  '':      0 ->   -100
                  '':      0 ->   -100
                  '':      0 ->   -100
                  '':      0 ->   -100
                  '':      0 ->   -100
                  '':      0 ->   -100
                  '':      0 ->   -100
                  '':      0 ->   -100
                  '':      0 ->   -100
                  '':      0 ->   -100
                  '':      0 ->   -100
                  '':      0 ->   -100
                  '':      0 ->   -100
                  '':      0 ->   -100
                  '':      0 ->   -100
                  '':      0 ->   -100
                  '':      0 ->   -100
                  '':      0 ->   -100
                  '':      0 ->   -100
                  '':      0 ->   -100
                  '':      0 ->   -100
                  '':      0 ->   -100
                  '':      0 ->   -100
                  '':      0 ->   -100
                  '':      0 ->   -100
                  '':      0 ->   -100
                  '':      0 ->   -100
                  '':      0 ->   -100
                  '':      0 ->   -100
                  '':      0 ->   -100
                  '':      0 ->   -100
                  '':      0 ->   -100
                  '':      0 ->   -100
                  '':      0 ->   -100
                  '':      0 ->   -100
                  '':      0 ->   -100
                  '':      0 ->   -100
                  '':      0 ->   -100
                  '':      0 ->   -100
                  '':      0 ->   -100
                  '':      0 ->   -100
                  '':      0 ->   -100
                  '':      0 ->   -100
                  '':      0 ->   -100
                  '':      0 ->   -100
                  '':      0 ->   -100
                  '':      0 ->   -100
                  '':      0 ->   -100
                  '':      0 ->   -100
                  '':      0 ->   -100
                  '':      0 ->   -100
                  '':      0 ->   -100
                  '':      0 ->   -100
                  '':      0 ->   -100
                  '':      0 ->   -100
                  '':      0 ->   -100
                  '':      0 ->   -100
                  '':      0 ->   -100
                  '':      0 ->   -100
                  '':      0 ->   -100
                  '':      0 ->   -100
                  '':      0 ->   -100
                  '':      0 ->   -100
                  '':      0 ->   -100
                  '':      0 ->   -100
                  '':      0 ->   -100
                  '':      0 ->   -100
                  '':      0 ->   -100
                  '':      0 ->   -100
                  '':      0 ->   -100
                  '':      0 ->   -100
                  '':      0 ->   -100
                  '':      0 ->   -100
                  '':      0 ->   -100
                  '':      0 ->   -100
                  '':      0 ->   -100
                  '':      0 ->   -100
                  '':      0 ->   -100
                  '':      0 ->   -100
                  '':      0 ->   -100
                  '':      0 ->   -100
                  '':      0 ->   -100
                  '':      0 ->   -100
                  '':      0 ->   -100
                  '':      0 ->   -100
                  '':      0 ->   -100
                  '':      0 ->   -100
                  '':      0 ->   -100
                  '':      0 ->   -100
                  '':      0 ->   -100
                  '':      0 ->   -100
                  '':      0 ->   -100
                  '':      0 ->   -100
                  '':      0 ->   -100
                  '':      0 ->   -100
                  '':      0 ->   -100
                  '':      0 ->   -100
                  '':      0 ->   -100
                  '':      0 ->   -100
                  '':      0 ->   -100
                  '':      0 ->   -100
                  '':      0 ->   -100
                  '':      0 ->   -100
                  '':      0 ->   -100
                  '':      0 ->   -100
                  '':      0 ->   -100
                  '':      0 ->   -100
                  '':      0 ->   -100
                  '':      0 ->   -100
                  '':      0 ->   -100
                  '':      0 ->   -100
                  '':      0 ->   -100
                  '':      0 ->   -100
                  '':      0 ->   -100
                  '':      0 ->   -100
                  '':      0 ->   -100
                  '':      0 ->   -100
                  '':      0 ->   -100
<<<<<<<<<<<<< Sanity Check
[INFO|trainer.py:544] 2023-12-09 17:11:46,636 >> max_steps is given, it will override any value given in num_train_epochs
Traceback (most recent call last):
  File "/home/ubuntu/ChatGLM3/finetune_chatmodel_demo/finetune.py", line 165, in <module>
    main()
  File "/home/ubuntu/ChatGLM3/finetune_chatmodel_demo/finetune.py", line 158, in main
    model.gradient_checkpointing_enable()
  File "/home/ubuntu/miniconda3/envs/chatglm3-6b/lib/python3.10/site-packages/transformers/modeling_utils.py", line 1872, in gradient_checkpointing_enable
    self._set_gradient_checkpointing(enable=True, gradient_checkpointing_func=gradient_checkpointing_func)
TypeError: ChatGLMPreTrainedModel._set_gradient_checkpointing() got an unexpected keyword argument 'enable'
[2023-12-09 17:12:05,072] torch.distributed.elastic.multiprocessing.api: [ERROR] failed (exitcode: 1) local_rank: 0 (pid: 50473) of binary: /home/ubuntu/miniconda3/envs/chatglm3-6b/bin/python
Traceback (most recent call last):
  File "/home/ubuntu/miniconda3/envs/chatglm3-6b/bin/torchrun", line 8, in <module>
    sys.exit(main())
  File "/home/ubuntu/miniconda3/envs/chatglm3-6b/lib/python3.10/site-packages/torch/distributed/elastic/multiprocessing/errors/__init__.py", line 346, in wrapper
    return f(*args, **kwargs)
  File "/home/ubuntu/miniconda3/envs/chatglm3-6b/lib/python3.10/site-packages/torch/distributed/run.py", line 806, in main
    run(args)
  File "/home/ubuntu/miniconda3/envs/chatglm3-6b/lib/python3.10/site-packages/torch/distributed/run.py", line 797, in run
    elastic_launch(
  File "/home/ubuntu/miniconda3/envs/chatglm3-6b/lib/python3.10/site-packages/torch/distributed/launcher/api.py", line 134, in __call__
    return launch_agent(self._config, self._entrypoint, list(args))
  File "/home/ubuntu/miniconda3/envs/chatglm3-6b/lib/python3.10/site-packages/torch/distributed/launcher/api.py", line 264, in launch_agent
    raise ChildFailedError(
torch.distributed.elastic.multiprocessing.errors.ChildFailedError: 
============================================================
finetune.py FAILED
------------------------------------------------------------
Failures:
  <NO_OTHER_FAILURES>
------------------------------------------------------------
Root Cause (first observed failure):
[0]:
  time      : 2023-12-09_17:12:05
  host      : DESKTOP-KBECE9B.
  rank      : 0 (local_rank: 0)
  exitcode  : 1 (pid: 50473)
  error_file: <N/A>
  traceback : To enable traceback see: https://pytorch.org/docs/stable/elastic/errors.html
============================================================
